This is pdfTeX, Version 3.1415926-2.5-1.40.14 (MiKTeX 2.9) (preloaded format=pdflatex 2015.8.9)  2 FEB 2019 18:50
entering extended mode
**report_notebook.tex
(C:\Users\Victor\git\Udacity\mlen-capstone-udacity\Report\report_notebook.tex
LaTeX2e <2011/06/27>
Babel <v3.8m> and hyphenation patterns for english, afrikaans, ancientgreek, ar
abic, armenian, assamese, basque, bengali, bokmal, bulgarian, catalan, coptic, 
croatian, czech, danish, dutch, esperanto, estonian, farsi, finnish, french, ga
lician, german, german-x-2013-05-26, greek, gujarati, hindi, hungarian, iceland
ic, indonesian, interlingua, irish, italian, kannada, kurmanji, latin, latvian,
 lithuanian, malayalam, marathi, mongolian, mongolianlmc, monogreek, ngerman, n
german-x-2013-05-26, nynorsk, oriya, panjabi, pinyin, polish, portuguese, roman
ian, russian, sanskrit, serbian, slovak, slovenian, spanish, swedish, swissgerm
an, tamil, telugu, turkish, turkmen, ukenglish, ukrainian, uppersorbian, usengl
ishmax, welsh, loaded.
("C:\Program Files (x86)\MiKTeX 2.9\tex\latex\base\article.cls"
Document Class: article 2007/10/19 v1.4h Standard LaTeX document class
("C:\Program Files (x86)\MiKTeX 2.9\tex\latex\base\size11.clo"
File: size11.clo 2007/10/19 v1.4h Standard LaTeX file (size option)
)
\c@part=\count79
\c@section=\count80
\c@subsection=\count81
\c@subsubsection=\count82
\c@paragraph=\count83
\c@subparagraph=\count84
\c@figure=\count85
\c@table=\count86
\abovecaptionskip=\skip41
\belowcaptionskip=\skip42
\bibindent=\dimen102
)
("C:\Program Files (x86)\MiKTeX 2.9\tex\latex\base\fontenc.sty"
Package: fontenc 2005/09/27 v1.99g Standard LaTeX package

("C:\Program Files (x86)\MiKTeX 2.9\tex\latex\base\t1enc.def"
File: t1enc.def 2005/09/27 v1.99g Standard LaTeX file
LaTeX Font Info:    Redeclaring font encoding T1 on input line 43.
))
("C:\Program Files (x86)\MiKTeX 2.9\tex\latex\psnfss\mathpazo.sty"
Package: mathpazo 2005/04/12 PSNFSS-v9.2a Palatino w/ Pazo Math (D.Puga, WaS) 
\symupright=\mathgroup4
)
("C:\Program Files (x86)\MiKTeX 2.9\tex\latex\graphics\graphicx.sty"
Package: graphicx 1999/02/16 v1.0f Enhanced LaTeX Graphics (DPC,SPQR)

("C:\Program Files (x86)\MiKTeX 2.9\tex\latex\graphics\keyval.sty"
Package: keyval 1999/03/16 v1.13 key=value parser (DPC)
\KV@toks@=\toks14
)
("C:\Program Files (x86)\MiKTeX 2.9\tex\latex\graphics\graphics.sty"
Package: graphics 2009/02/05 v1.0o Standard LaTeX Graphics (DPC,SPQR)

("C:\Program Files (x86)\MiKTeX 2.9\tex\latex\graphics\trig.sty"
Package: trig 1999/03/16 v1.09 sin cos tan (DPC)
)
("C:\Program Files (x86)\MiKTeX 2.9\tex\latex\00miktex\graphics.cfg"
File: graphics.cfg 2007/01/18 v1.5 graphics configuration of teTeX/TeXLive
)
Package graphics Info: Driver file: pdftex.def on input line 91.

("C:\Program Files (x86)\MiKTeX 2.9\tex\latex\pdftex-def\pdftex.def"
File: pdftex.def 2011/05/27 v0.06d Graphics/color for pdfTeX

("C:\Program Files (x86)\MiKTeX 2.9\tex\generic\oberdiek\infwarerr.sty"
Package: infwarerr 2010/04/08 v1.3 Providing info/warning/error messages (HO)
)
("C:\Program Files (x86)\MiKTeX 2.9\tex\generic\oberdiek\ltxcmds.sty"
Package: ltxcmds 2011/11/09 v1.22 LaTeX kernel commands for general use (HO)
)
\Gread@gobject=\count87
))
\Gin@req@height=\dimen103
\Gin@req@width=\dimen104
)
(C:\Users\Victor\AppData\Roaming\MiKTeX\2.9\tex\latex\caption\caption.sty
Package: caption 2013/05/02 v3.3-89 Customizing captions (AR)

(C:\Users\Victor\AppData\Roaming\MiKTeX\2.9\tex\latex\caption\caption3.sty
Package: caption3 2013/05/02 v1.6-88 caption3 kernel (AR)
Package caption3 Info: TeX engine: e-TeX on input line 57.
\captionmargin=\dimen105
\captionmargin@=\dimen106
\captionwidth=\dimen107
\caption@tempdima=\dimen108
\caption@indent=\dimen109
\caption@parindent=\dimen110
\caption@hangindent=\dimen111
)
\c@ContinuedFloat=\count88
)
(C:\Users\Victor\AppData\Roaming\MiKTeX\2.9\tex\latex\xcolor\xcolor.sty
Package: xcolor 2007/01/21 v2.11 LaTeX color extensions (UK)

("C:\Program Files (x86)\MiKTeX 2.9\tex\latex\00miktex\color.cfg"
File: color.cfg 2007/01/18 v1.5 color configuration of teTeX/TeXLive
)
Package xcolor Info: Driver file: pdftex.def on input line 225.
Package xcolor Info: Model `cmy' substituted by `cmy0' on input line 1337.
Package xcolor Info: Model `hsb' substituted by `rgb' on input line 1341.
Package xcolor Info: Model `RGB' extended on input line 1353.
Package xcolor Info: Model `HTML' substituted by `rgb' on input line 1355.
Package xcolor Info: Model `Hsb' substituted by `hsb' on input line 1356.
Package xcolor Info: Model `tHsb' substituted by `hsb' on input line 1357.
Package xcolor Info: Model `HSB' substituted by `hsb' on input line 1358.
Package xcolor Info: Model `Gray' substituted by `gray' on input line 1359.
Package xcolor Info: Model `wave' substituted by `hsb' on input line 1360.
)
("C:\Program Files (x86)\MiKTeX 2.9\tex\latex\tools\enumerate.sty"
Package: enumerate 1999/03/05 v3.00 enumerate extensions (DPC)
\@enLab=\toks15
)
("C:\Program Files (x86)\MiKTeX 2.9\tex\latex\geometry\geometry.sty"
Package: geometry 2010/09/12 v5.6 Page Geometry

("C:\Program Files (x86)\MiKTeX 2.9\tex\generic\oberdiek\ifpdf.sty"
Package: ifpdf 2011/01/30 v2.3 Provides the ifpdf switch (HO)
Package ifpdf Info: pdfTeX in PDF mode is detected.
)
("C:\Program Files (x86)\MiKTeX 2.9\tex\generic\oberdiek\ifvtex.sty"
Package: ifvtex 2010/03/01 v1.5 Detect VTeX and its facilities (HO)
Package ifvtex Info: VTeX not detected.
)
("C:\Program Files (x86)\MiKTeX 2.9\tex\generic\ifxetex\ifxetex.sty"
Package: ifxetex 2010/09/12 v0.6 Provides ifxetex conditional
)
\Gm@cnth=\count89
\Gm@cntv=\count90
\c@Gm@tempcnt=\count91
\Gm@bindingoffset=\dimen112
\Gm@wd@mp=\dimen113
\Gm@odd@mp=\dimen114
\Gm@even@mp=\dimen115
\Gm@layoutwidth=\dimen116
\Gm@layoutheight=\dimen117
\Gm@layouthoffset=\dimen118
\Gm@layoutvoffset=\dimen119
\Gm@dimlist=\toks16

("C:\Program Files (x86)\MiKTeX 2.9\tex\latex\geometry\geometry.cfg"))
("C:\Program Files (x86)\MiKTeX 2.9\tex\latex\amsmath\amsmath.sty"
Package: amsmath 2013/01/14 v2.14 AMS math features
\@mathmargin=\skip43

For additional information on amsmath, use the `?' option.
("C:\Program Files (x86)\MiKTeX 2.9\tex\latex\amsmath\amstext.sty"
Package: amstext 2000/06/29 v2.01

("C:\Program Files (x86)\MiKTeX 2.9\tex\latex\amsmath\amsgen.sty"
File: amsgen.sty 1999/11/30 v2.0
\@emptytoks=\toks17
\ex@=\dimen120
))
("C:\Program Files (x86)\MiKTeX 2.9\tex\latex\amsmath\amsbsy.sty"
Package: amsbsy 1999/11/29 v1.2d
\pmbraise@=\dimen121
)
("C:\Program Files (x86)\MiKTeX 2.9\tex\latex\amsmath\amsopn.sty"
Package: amsopn 1999/12/14 v2.01 operator names
)
\inf@bad=\count92
LaTeX Info: Redefining \frac on input line 210.
\uproot@=\count93
\leftroot@=\count94
LaTeX Info: Redefining \overline on input line 306.
\classnum@=\count95
\DOTSCASE@=\count96
LaTeX Info: Redefining \ldots on input line 378.
LaTeX Info: Redefining \dots on input line 381.
LaTeX Info: Redefining \cdots on input line 466.
\Mathstrutbox@=\box26
\strutbox@=\box27
\big@size=\dimen122
LaTeX Font Info:    Redeclaring font encoding OML on input line 566.
LaTeX Font Info:    Redeclaring font encoding OMS on input line 567.
\macc@depth=\count97
\c@MaxMatrixCols=\count98
\dotsspace@=\muskip10
\c@parentequation=\count99
\dspbrk@lvl=\count100
\tag@help=\toks18
\row@=\count101
\column@=\count102
\maxfields@=\count103
\andhelp@=\toks19
\eqnshift@=\dimen123
\alignsep@=\dimen124
\tagshift@=\dimen125
\tagwidth@=\dimen126
\totwidth@=\dimen127
\lineht@=\dimen128
\@envbody=\toks20
\multlinegap=\skip44
\multlinetaggap=\skip45
\mathdisplay@stack=\toks21
LaTeX Info: Redefining \[ on input line 2665.
LaTeX Info: Redefining \] on input line 2666.
)
("C:\Program Files (x86)\MiKTeX 2.9\tex\latex\amsfonts\amssymb.sty"
Package: amssymb 2013/01/14 v3.01 AMS font symbols

("C:\Program Files (x86)\MiKTeX 2.9\tex\latex\amsfonts\amsfonts.sty"
Package: amsfonts 2013/01/14 v3.01 Basic AMSFonts support
\symAMSa=\mathgroup5
\symAMSb=\mathgroup6
LaTeX Font Info:    Overwriting math alphabet `\mathfrak' in version `bold'
(Font)                  U/euf/m/n --> U/euf/b/n on input line 106.
))
("C:\Program Files (x86)\MiKTeX 2.9\tex\latex\base\textcomp.sty"
Package: textcomp 2005/09/27 v1.99g Standard LaTeX package
Package textcomp Info: Sub-encoding information:
(textcomp)               5 = only ISO-Adobe without \textcurrency
(textcomp)               4 = 5 + \texteuro
(textcomp)               3 = 4 + \textohm
(textcomp)               2 = 3 + \textestimated + \textcurrency
(textcomp)               1 = TS1 - \textcircled - \t
(textcomp)               0 = TS1 (full)
(textcomp)             Font families with sub-encoding setting implement
(textcomp)             only a restricted character set as indicated.
(textcomp)             Family '?' is the default used for unknown fonts.
(textcomp)             See the documentation for details.
Package textcomp Info: Setting ? sub-encoding to TS1/1 on input line 71.

("C:\Program Files (x86)\MiKTeX 2.9\tex\latex\base\ts1enc.def"
File: ts1enc.def 2001/06/05 v3.0e (jk/car/fm) Standard LaTeX file
)
LaTeX Info: Redefining \oldstylenums on input line 266.
Package textcomp Info: Setting cmr sub-encoding to TS1/0 on input line 281.
Package textcomp Info: Setting cmss sub-encoding to TS1/0 on input line 282.
Package textcomp Info: Setting cmtt sub-encoding to TS1/0 on input line 283.
Package textcomp Info: Setting cmvtt sub-encoding to TS1/0 on input line 284.
Package textcomp Info: Setting cmbr sub-encoding to TS1/0 on input line 285.
Package textcomp Info: Setting cmtl sub-encoding to TS1/0 on input line 286.
Package textcomp Info: Setting ccr sub-encoding to TS1/0 on input line 287.
Package textcomp Info: Setting ptm sub-encoding to TS1/4 on input line 288.
Package textcomp Info: Setting pcr sub-encoding to TS1/4 on input line 289.
Package textcomp Info: Setting phv sub-encoding to TS1/4 on input line 290.
Package textcomp Info: Setting ppl sub-encoding to TS1/3 on input line 291.
Package textcomp Info: Setting pag sub-encoding to TS1/4 on input line 292.
Package textcomp Info: Setting pbk sub-encoding to TS1/4 on input line 293.
Package textcomp Info: Setting pnc sub-encoding to TS1/4 on input line 294.
Package textcomp Info: Setting pzc sub-encoding to TS1/4 on input line 295.
Package textcomp Info: Setting bch sub-encoding to TS1/4 on input line 296.
Package textcomp Info: Setting put sub-encoding to TS1/5 on input line 297.
Package textcomp Info: Setting uag sub-encoding to TS1/5 on input line 298.
Package textcomp Info: Setting ugq sub-encoding to TS1/5 on input line 299.
Package textcomp Info: Setting ul8 sub-encoding to TS1/4 on input line 300.
Package textcomp Info: Setting ul9 sub-encoding to TS1/4 on input line 301.
Package textcomp Info: Setting augie sub-encoding to TS1/5 on input line 302.
Package textcomp Info: Setting dayrom sub-encoding to TS1/3 on input line 303.
Package textcomp Info: Setting dayroms sub-encoding to TS1/3 on input line 304.

Package textcomp Info: Setting pxr sub-encoding to TS1/0 on input line 305.
Package textcomp Info: Setting pxss sub-encoding to TS1/0 on input line 306.
Package textcomp Info: Setting pxtt sub-encoding to TS1/0 on input line 307.
Package textcomp Info: Setting txr sub-encoding to TS1/0 on input line 308.
Package textcomp Info: Setting txss sub-encoding to TS1/0 on input line 309.
Package textcomp Info: Setting txtt sub-encoding to TS1/0 on input line 310.
Package textcomp Info: Setting lmr sub-encoding to TS1/0 on input line 311.
Package textcomp Info: Setting lmdh sub-encoding to TS1/0 on input line 312.
Package textcomp Info: Setting lmss sub-encoding to TS1/0 on input line 313.
Package textcomp Info: Setting lmssq sub-encoding to TS1/0 on input line 314.
Package textcomp Info: Setting lmvtt sub-encoding to TS1/0 on input line 315.
Package textcomp Info: Setting qhv sub-encoding to TS1/0 on input line 316.
Package textcomp Info: Setting qag sub-encoding to TS1/0 on input line 317.
Package textcomp Info: Setting qbk sub-encoding to TS1/0 on input line 318.
Package textcomp Info: Setting qcr sub-encoding to TS1/0 on input line 319.
Package textcomp Info: Setting qcs sub-encoding to TS1/0 on input line 320.
Package textcomp Info: Setting qpl sub-encoding to TS1/0 on input line 321.
Package textcomp Info: Setting qtm sub-encoding to TS1/0 on input line 322.
Package textcomp Info: Setting qzc sub-encoding to TS1/0 on input line 323.
Package textcomp Info: Setting qhvc sub-encoding to TS1/0 on input line 324.
Package textcomp Info: Setting futs sub-encoding to TS1/4 on input line 325.
Package textcomp Info: Setting futx sub-encoding to TS1/4 on input line 326.
Package textcomp Info: Setting futj sub-encoding to TS1/4 on input line 327.
Package textcomp Info: Setting hlh sub-encoding to TS1/3 on input line 328.
Package textcomp Info: Setting hls sub-encoding to TS1/3 on input line 329.
Package textcomp Info: Setting hlst sub-encoding to TS1/3 on input line 330.
Package textcomp Info: Setting hlct sub-encoding to TS1/5 on input line 331.
Package textcomp Info: Setting hlx sub-encoding to TS1/5 on input line 332.
Package textcomp Info: Setting hlce sub-encoding to TS1/5 on input line 333.
Package textcomp Info: Setting hlcn sub-encoding to TS1/5 on input line 334.
Package textcomp Info: Setting hlcw sub-encoding to TS1/5 on input line 335.
Package textcomp Info: Setting hlcf sub-encoding to TS1/5 on input line 336.
Package textcomp Info: Setting pplx sub-encoding to TS1/3 on input line 337.
Package textcomp Info: Setting pplj sub-encoding to TS1/3 on input line 338.
Package textcomp Info: Setting ptmx sub-encoding to TS1/4 on input line 339.
Package textcomp Info: Setting ptmj sub-encoding to TS1/4 on input line 340.
)
("C:\Program Files (x86)\MiKTeX 2.9\tex\latex\eurosym\eurosym.sty"
Package: eurosym 1998/08/06 v1.1 European currency symbol ``Euro''
\@eurobox=\box28
)
("C:\Program Files (x86)\MiKTeX 2.9\tex\latex\amscls\amsthm.sty"
Package: amsthm 2004/08/06 v2.20
\thm@style=\toks22
\thm@bodyfont=\toks23
\thm@headfont=\toks24
\thm@notefont=\toks25
\thm@headpunct=\toks26
\thm@preskip=\skip46
\thm@postskip=\skip47
\thm@headsep=\skip48
\dth@everypar=\toks27
)
("C:\Program Files (x86)\MiKTeX 2.9\tex\latex\base\inputenc.sty"
Package: inputenc 2008/03/30 v1.1d Input encoding file
\inpenc@prehook=\toks28
\inpenc@posthook=\toks29

("C:\Program Files (x86)\MiKTeX 2.9\tex\latex\base\latin1.def"
File: latin1.def 2008/03/30 v1.1d Input encoding file
))
(C:\Users\Victor\AppData\Roaming\MiKTeX\2.9\tex\latex\fancyvrb\fancyvrb.sty
Package: fancyvrb 2008/02/07

Style option: `fancyvrb' v2.7a, with DG/SPQR fixes, and firstline=lastline fix 
<2008/02/07> (tvz)
\FV@CodeLineNo=\count104
\FV@InFile=\read1
\FV@TabBox=\box29
\c@FancyVerbLine=\count105
\FV@StepNumber=\count106
\FV@OutFile=\write3
)
("C:\Program Files (x86)\MiKTeX 2.9\tex\latex\oberdiek\grffile.sty"
Package: grffile 2012/04/05 v1.16 Extended file name support for graphics (HO)

("C:\Program Files (x86)\MiKTeX 2.9\tex\latex\oberdiek\kvoptions.sty"
Package: kvoptions 2011/06/30 v3.11 Key value format for package options (HO)

("C:\Program Files (x86)\MiKTeX 2.9\tex\generic\oberdiek\kvsetkeys.sty"
Package: kvsetkeys 2012/04/25 v1.16 Key value parser (HO)

("C:\Program Files (x86)\MiKTeX 2.9\tex\generic\oberdiek\etexcmds.sty"
Package: etexcmds 2011/02/16 v1.5 Avoid name clashes with e-TeX commands (HO)

("C:\Program Files (x86)\MiKTeX 2.9\tex\generic\oberdiek\ifluatex.sty"
Package: ifluatex 2010/03/01 v1.3 Provides the ifluatex switch (HO)
Package ifluatex Info: LuaTeX not detected.
)
Package etexcmds Info: Could not find \expanded.
(etexcmds)             That can mean that you are not using pdfTeX 1.50 or
(etexcmds)             that some package has redefined \expanded.
(etexcmds)             In the latter case, load this package earlier.
)))
("C:\Program Files (x86)\MiKTeX 2.9\tex\generic\oberdiek\pdftexcmds.sty"
Package: pdftexcmds 2011/11/29 v0.20 Utility functions of pdfTeX for LuaTeX (HO
)
Package pdftexcmds Info: LuaTeX not detected.
Package pdftexcmds Info: \pdf@primitive is available.
Package pdftexcmds Info: \pdf@ifprimitive is available.
Package pdftexcmds Info: \pdfdraftmode found.
)
Package grffile Info: Option `multidot' is set to `true'.
Package grffile Info: Option `extendedchars' is set to `false'.
Package grffile Info: Option `space' is set to `true'.
Package grffile Info: \Gin@ii of package `graphicx' fixed on input line 486.
)
("C:\Program Files (x86)\MiKTeX 2.9\tex\latex\hyperref\hyperref.sty"
Package: hyperref 2012/11/06 v6.83m Hypertext links for LaTeX

("C:\Program Files (x86)\MiKTeX 2.9\tex\generic\oberdiek\hobsub-hyperref.sty"
Package: hobsub-hyperref 2012/04/25 v1.12 Bundle oberdiek, subset hyperref (HO)


("C:\Program Files (x86)\MiKTeX 2.9\tex\generic\oberdiek\hobsub-generic.sty"
Package: hobsub-generic 2012/04/25 v1.12 Bundle oberdiek, subset generic (HO)
Package: hobsub 2012/04/25 v1.12 Construct package bundles (HO)
Package hobsub Info: Skipping package `infwarerr' (already loaded).
Package hobsub Info: Skipping package `ltxcmds' (already loaded).
Package hobsub Info: Skipping package `ifluatex' (already loaded).
Package hobsub Info: Skipping package `ifvtex' (already loaded).
Package: intcalc 2007/09/27 v1.1 Expandable calculations with integers (HO)
Package hobsub Info: Skipping package `ifpdf' (already loaded).
Package hobsub Info: Skipping package `etexcmds' (already loaded).
Package hobsub Info: Skipping package `kvsetkeys' (already loaded).
Package: kvdefinekeys 2011/04/07 v1.3 Define keys (HO)
Package hobsub Info: Skipping package `pdftexcmds' (already loaded).
Package: pdfescape 2011/11/25 v1.13 Implements pdfTeX's escape features (HO)
Package: bigintcalc 2012/04/08 v1.3 Expandable calculations on big integers (HO
)
Package: bitset 2011/01/30 v1.1 Handle bit-vector datatype (HO)
Package: uniquecounter 2011/01/30 v1.2 Provide unlimited unique counter (HO)
)
Package hobsub Info: Skipping package `hobsub' (already loaded).
Package: letltxmacro 2010/09/02 v1.4 Let assignment for LaTeX macros (HO)
Package: hopatch 2011/06/24 v1.1 Wrapper for package hooks (HO)
Package: xcolor-patch 2011/01/30 xcolor patch
Package: atveryend 2011/06/30 v1.8 Hooks at the very end of document (HO)
Package atveryend Info: \enddocument detected (standard20110627).
Package: atbegshi 2011/10/05 v1.16 At begin shipout hook (HO)
Package: refcount 2011/10/16 v3.4 Data extraction from label references (HO)
Package: hycolor 2011/01/30 v1.7 Color options for hyperref/bookmark (HO)
)
("C:\Program Files (x86)\MiKTeX 2.9\tex\latex\oberdiek\auxhook.sty"
Package: auxhook 2011/03/04 v1.3 Hooks for auxiliary files (HO)
)
\@linkdim=\dimen129
\Hy@linkcounter=\count107
\Hy@pagecounter=\count108

("C:\Program Files (x86)\MiKTeX 2.9\tex\latex\hyperref\pd1enc.def"
File: pd1enc.def 2012/11/06 v6.83m Hyperref: PDFDocEncoding definition (HO)
)
\Hy@SavedSpaceFactor=\count109

("C:\Program Files (x86)\MiKTeX 2.9\tex\latex\00miktex\hyperref.cfg"
File: hyperref.cfg 2002/06/06 v1.2 hyperref configuration of TeXLive
)
Package hyperref Info: Hyper figures OFF on input line 4443.
Package hyperref Info: Link nesting OFF on input line 4448.
Package hyperref Info: Hyper index ON on input line 4451.
Package hyperref Info: Plain pages OFF on input line 4458.
Package hyperref Info: Backreferencing OFF on input line 4463.
Package hyperref Info: Implicit mode ON; LaTeX internals redefined.
Package hyperref Info: Bookmarks ON on input line 4688.
\c@Hy@tempcnt=\count110

(C:\Users\Victor\AppData\Roaming\MiKTeX\2.9\tex\latex\url\url.sty
\Urlmuskip=\muskip11
Package: url 2013/09/16  ver 3.4  Verb mode for urls, etc.
)
LaTeX Info: Redefining \url on input line 5041.
\XeTeXLinkMargin=\dimen130
\Fld@menulength=\count111
\Field@Width=\dimen131
\Fld@charsize=\dimen132
Package hyperref Info: Hyper figures OFF on input line 6295.
Package hyperref Info: Link nesting OFF on input line 6300.
Package hyperref Info: Hyper index ON on input line 6303.
Package hyperref Info: backreferencing OFF on input line 6310.
Package hyperref Info: Link coloring OFF on input line 6315.
Package hyperref Info: Link coloring with OCG OFF on input line 6320.
Package hyperref Info: PDF/A mode OFF on input line 6325.
LaTeX Info: Redefining \ref on input line 6365.
LaTeX Info: Redefining \pageref on input line 6369.
\Hy@abspage=\count112
\c@Item=\count113
\c@Hfootnote=\count114
)

Package hyperref Message: Driver (autodetected): hpdftex.

("C:\Program Files (x86)\MiKTeX 2.9\tex\latex\hyperref\hpdftex.def"
File: hpdftex.def 2012/11/06 v6.83m Hyperref driver for pdfTeX
\Fld@listcount=\count115
\c@bookmark@seq@number=\count116

("C:\Program Files (x86)\MiKTeX 2.9\tex\latex\oberdiek\rerunfilecheck.sty"
Package: rerunfilecheck 2011/04/15 v1.7 Rerun checks for auxiliary files (HO)
Package uniquecounter Info: New unique counter `rerunfilecheck' on input line 2
82.
)
\Hy@SectionHShift=\skip49
)
("C:\Program Files (x86)\MiKTeX 2.9\tex\latex\tools\longtable.sty"
Package: longtable 2004/02/01 v4.11 Multi-page Table package (DPC)
\LTleft=\skip50
\LTright=\skip51
\LTpre=\skip52
\LTpost=\skip53
\LTchunksize=\count117
\LTcapwidth=\dimen133
\LT@head=\box30
\LT@firsthead=\box31
\LT@foot=\box32
\LT@lastfoot=\box33
\LT@cols=\count118
\LT@rows=\count119
\c@LT@tables=\count120
\c@LT@chunks=\count121
\LT@p@ftn=\toks30
)
(C:\Users\Victor\AppData\Roaming\MiKTeX\2.9\tex\latex\booktabs\booktabs.sty
Package: booktabs 2005/04/14 v1.61803 publication quality tables
\heavyrulewidth=\dimen134
\lightrulewidth=\dimen135
\cmidrulewidth=\dimen136
\belowrulesep=\dimen137
\belowbottomsep=\dimen138
\aboverulesep=\dimen139
\abovetopsep=\dimen140
\cmidrulesep=\dimen141
\cmidrulekern=\dimen142
\defaultaddspace=\dimen143
\@cmidla=\count122
\@cmidlb=\count123
\@aboverulesep=\dimen144
\@belowrulesep=\dimen145
\@thisruleclass=\count124
\@lastruleclass=\count125
\@thisrulewidth=\dimen146
)
(C:\Users\Victor\AppData\Roaming\MiKTeX\2.9\tex\latex\enumitem\enumitem.sty
Package: enumitem 2011/09/28 v3.5.2 Customized lists
\labelindent=\skip54
\enit@outerparindent=\dimen147
\enit@toks=\toks31
\enit@inbox=\box34
\enitdp@description=\count126
)
Package hyperref Info: Option `breaklinks' set `true' on input line 267.
Package hyperref Info: Option `colorlinks' set `true' on input line 267.

No file report_notebook.aux.
LaTeX Font Info:    Checking defaults for OML/cmm/m/it on input line 274.
LaTeX Font Info:    ... okay on input line 274.
LaTeX Font Info:    Checking defaults for T1/cmr/m/n on input line 274.
LaTeX Font Info:    ... okay on input line 274.
LaTeX Font Info:    Checking defaults for OT1/cmr/m/n on input line 274.
LaTeX Font Info:    ... okay on input line 274.
LaTeX Font Info:    Checking defaults for OMS/cmsy/m/n on input line 274.
LaTeX Font Info:    ... okay on input line 274.
LaTeX Font Info:    Checking defaults for OMX/cmex/m/n on input line 274.
LaTeX Font Info:    ... okay on input line 274.
LaTeX Font Info:    Checking defaults for U/cmr/m/n on input line 274.
LaTeX Font Info:    ... okay on input line 274.
LaTeX Font Info:    Checking defaults for TS1/cmr/m/n on input line 274.
LaTeX Font Info:    Try loading font information for TS1+cmr on input line 274.

("C:\Program Files (x86)\MiKTeX 2.9\tex\latex\base\ts1cmr.fd"
File: ts1cmr.fd 1999/05/25 v2.5h Standard LaTeX font definitions
)
LaTeX Font Info:    ... okay on input line 274.
LaTeX Font Info:    Checking defaults for PD1/pdf/m/n on input line 274.
LaTeX Font Info:    ... okay on input line 274.
LaTeX Font Info:    Try loading font information for T1+ppl on input line 274.

("C:\Program Files (x86)\MiKTeX 2.9\tex\latex\psnfss\t1ppl.fd"
File: t1ppl.fd 2001/06/04 font definitions for T1/ppl.
)
(C:\Users\Victor\AppData\Roaming\MiKTeX\2.9\tex\context\base\supp-pdf.mkii
[Loading MPS to PDF converter (version 2006.09.02).]
\scratchcounter=\count127
\scratchdimen=\dimen148
\scratchbox=\box35
\nofMPsegments=\count128
\nofMParguments=\count129
\everyMPshowfont=\toks32
\MPscratchCnt=\count130
\MPscratchDim=\dimen149
\MPnumerator=\count131
\makeMPintoPDFobject=\count132
\everyMPtoPDFconversion=\toks33
)
Package caption Info: Begin \AtBeginDocument code.
Package caption Info: hyperref package is loaded.
Package caption Info: longtable package is loaded.
 (C:\Users\Victor\AppData\Roaming\MiKTeX\2.9\tex\latex\caption\ltcaption.sty
Package: ltcaption 2013/02/03 v1.3-62 longtable captions (AR)
)
Package caption Info: End \AtBeginDocument code.

*geometry* driver: auto-detecting
*geometry* detected driver: pdftex
*geometry* verbose mode - [ preamble ] result:
* driver: pdftex
* paper: <default>
* layout: <same size as paper>
* layoutoffset:(h,v)=(0.0pt,0.0pt)
* modes: 
* h-part:(L,W,R)=(72.26999pt, 469.75502pt, 72.26999pt)
* v-part:(T,H,B)=(72.26999pt, 650.43001pt, 72.26999pt)
* \paperwidth=614.295pt
* \paperheight=794.96999pt
* \textwidth=469.75502pt
* \textheight=650.43001pt
* \oddsidemargin=0.0pt
* \evensidemargin=0.0pt
* \topmargin=-37.0pt
* \headheight=12.0pt
* \headsep=25.0pt
* \topskip=11.0pt
* \footskip=30.0pt
* \marginparwidth=59.0pt
* \marginparsep=10.0pt
* \columnsep=10.0pt
* \skip\footins=10.0pt plus 4.0pt minus 2.0pt
* \hoffset=0.0pt
* \voffset=0.0pt
* \mag=1000
* \@twocolumnfalse
* \@twosidefalse
* \@mparswitchfalse
* \@reversemarginfalse
* (1in=72.27pt=25.4mm, 1cm=28.453pt)

\AtBeginShipoutBox=\box36
Package hyperref Info: Link coloring ON on input line 274.
("C:\Program Files (x86)\MiKTeX 2.9\tex\latex\hyperref\nameref.sty"
Package: nameref 2012/10/27 v2.43 Cross-referencing by name of section

("C:\Program Files (x86)\MiKTeX 2.9\tex\generic\oberdiek\gettitlestring.sty"
Package: gettitlestring 2010/12/03 v1.4 Cleanup title references (HO)
)
\c@section@level=\count133
)
LaTeX Info: Redefining \ref on input line 274.
LaTeX Info: Redefining \pageref on input line 274.
LaTeX Info: Redefining \nameref on input line 274.
\@outlinefile=\write4
LaTeX Font Info:    Try loading font information for OT1+ppl on input line 278.


("C:\Program Files (x86)\MiKTeX 2.9\tex\latex\psnfss\ot1ppl.fd"
File: ot1ppl.fd 2001/06/04 font definitions for OT1/ppl.
)
LaTeX Font Info:    Try loading font information for OML+zplm on input line 278
.

("C:\Program Files (x86)\MiKTeX 2.9\tex\latex\psnfss\omlzplm.fd"
File: omlzplm.fd 2002/09/08 Fontinst v1.914 font definitions for OML/zplm.
)
! Font OML/zplm/m/it/12=zplmr7m at 12.0pt not loadable: Metric (TFM) file not f
ound.
<to be read again> 
                   relax 
l.278 
      
I wasn't able to read the size data for this font,
so I will ignore the font specification.
[Wizards can fix TFM files using TFtoPL/PLtoTF.]
You might try inserting a different font spec;
e.g., type `I\font<same font id>=<substitute font name>'.

! Font OML/zplm/m/it/9=zplmr7m at 9.0pt not loadable: Metric (TFM) file not fou
nd.
<to be read again> 
                   relax 
l.278 
      
I wasn't able to read the size data for this font,
so I will ignore the font specification.
[Wizards can fix TFM files using TFtoPL/PLtoTF.]
You might try inserting a different font spec;
e.g., type `I\font<same font id>=<substitute font name>'.

! Font OML/zplm/m/it/7=zplmr7m at 7.0pt not loadable: Metric (TFM) file not fou
nd.
<to be read again> 
                   relax 
l.278 
      
I wasn't able to read the size data for this font,
so I will ignore the font specification.
[Wizards can fix TFM files using TFtoPL/PLtoTF.]
You might try inserting a different font spec;
e.g., type `I\font<same font id>=<substitute font name>'.

LaTeX Font Info:    Try loading font information for OMS+zplm on input line 278
.
("C:\Program Files (x86)\MiKTeX 2.9\tex\latex\psnfss\omszplm.fd"
File: omszplm.fd 2002/09/08 Fontinst v1.914 font definitions for OMS/zplm.
)
! Font OMS/zplm/m/n/12=zplmr7y at 12.0pt not loadable: Metric (TFM) file not fo
und.
<to be read again> 
                   relax 
l.278 
      
I wasn't able to read the size data for this font,
so I will ignore the font specification.
[Wizards can fix TFM files using TFtoPL/PLtoTF.]
You might try inserting a different font spec;
e.g., type `I\font<same font id>=<substitute font name>'.

! Font OMS/zplm/m/n/9=zplmr7y at 9.0pt not loadable: Metric (TFM) file not foun
d.
<to be read again> 
                   relax 
l.278 
      
I wasn't able to read the size data for this font,
so I will ignore the font specification.
[Wizards can fix TFM files using TFtoPL/PLtoTF.]
You might try inserting a different font spec;
e.g., type `I\font<same font id>=<substitute font name>'.

! Font OMS/zplm/m/n/7=zplmr7y at 7.0pt not loadable: Metric (TFM) file not foun
d.
<to be read again> 
                   relax 
l.278 
      
I wasn't able to read the size data for this font,
so I will ignore the font specification.
[Wizards can fix TFM files using TFtoPL/PLtoTF.]
You might try inserting a different font spec;
e.g., type `I\font<same font id>=<substitute font name>'.

LaTeX Font Info:    Try loading font information for OMX+zplm on input line 278
.
("C:\Program Files (x86)\MiKTeX 2.9\tex\latex\psnfss\omxzplm.fd"
File: omxzplm.fd 2002/09/08 Fontinst v1.914 font definitions for OMX/zplm.
)
! Font OMX/zplm/m/n/12=zplmr7v at 12.0pt not loadable: Metric (TFM) file not fo
und.
<to be read again> 
                   relax 
l.278 
      
I wasn't able to read the size data for this font,
so I will ignore the font specification.
[Wizards can fix TFM files using TFtoPL/PLtoTF.]
You might try inserting a different font spec;
e.g., type `I\font<same font id>=<substitute font name>'.

! Font OMX/zplm/m/n/9=zplmr7v at 9.0pt not loadable: Metric (TFM) file not foun
d.
<to be read again> 
                   relax 
l.278 
      
I wasn't able to read the size data for this font,
so I will ignore the font specification.
[Wizards can fix TFM files using TFtoPL/PLtoTF.]
You might try inserting a different font spec;
e.g., type `I\font<same font id>=<substitute font name>'.

! Font OMX/zplm/m/n/7=zplmr7v at 7.0pt not loadable: Metric (TFM) file not foun
d.
<to be read again> 
                   relax 
l.278 
      
I wasn't able to read the size data for this font,
so I will ignore the font specification.
[Wizards can fix TFM files using TFtoPL/PLtoTF.]
You might try inserting a different font spec;
e.g., type `I\font<same font id>=<substitute font name>'.

LaTeX Font Info:    Try loading font information for OT1+zplm on input line 278
.
("C:\Program Files (x86)\MiKTeX 2.9\tex\latex\psnfss\ot1zplm.fd"
File: ot1zplm.fd 2002/09/08 Fontinst v1.914 font definitions for OT1/zplm.
)
! Font OT1/zplm/m/n/12=zplmr7t at 12.0pt not loadable: Metric (TFM) file not fo
und.
<to be read again> 
                   relax 
l.278 
      
I wasn't able to read the size data for this font,
so I will ignore the font specification.
[Wizards can fix TFM files using TFtoPL/PLtoTF.]
You might try inserting a different font spec;
e.g., type `I\font<same font id>=<substitute font name>'.

! Font OT1/zplm/m/n/9=zplmr7t at 9.0pt not loadable: Metric (TFM) file not foun
d.
<to be read again> 
                   relax 
l.278 
      
I wasn't able to read the size data for this font,
so I will ignore the font specification.
[Wizards can fix TFM files using TFtoPL/PLtoTF.]
You might try inserting a different font spec;
e.g., type `I\font<same font id>=<substitute font name>'.

! Font OT1/zplm/m/n/7=zplmr7t at 7.0pt not loadable: Metric (TFM) file not foun
d.
<to be read again> 
                   relax 
l.278 
      
I wasn't able to read the size data for this font,
so I will ignore the font specification.
[Wizards can fix TFM files using TFtoPL/PLtoTF.]
You might try inserting a different font spec;
e.g., type `I\font<same font id>=<substitute font name>'.

LaTeX Font Info:    Font shape `U/msa/m/n' will be
(Font)              scaled to size 12.50409pt on input line 278.
LaTeX Font Info:    Font shape `U/msa/m/n' will be
(Font)              scaled to size 9.37807pt on input line 278.
LaTeX Font Info:    Font shape `U/msa/m/n' will be
(Font)              scaled to size 7.29405pt on input line 278.
LaTeX Font Info:    Font shape `U/msb/m/n' will be
(Font)              scaled to size 12.50409pt on input line 278.
LaTeX Font Info:    Font shape `U/msb/m/n' will be
(Font)              scaled to size 9.37807pt on input line 278.
LaTeX Font Info:    Font shape `U/msb/m/n' will be
(Font)              scaled to size 7.29405pt on input line 278.
Missing character: There is no ( in font nullfont!

LaTeX Warning: No \author given.

! Math formula deleted: Insufficient symbol fonts.
\endtabular ->\crcr \egroup \egroup $
                                     \egroup 
l.278 
      
Sorry, but I can't typeset math unless \textfont 2
and \scriptfont 2 and \scriptscriptfont 2 have all
the \fontdimen values needed in math symbol fonts.

LaTeX Font Info:    Font shape `T1/ppl/bx/n' in size <14.4> not available
(Font)              Font shape `T1/ppl/b/n' tried instead on input line 284.
LaTeX Font Info:    Font shape `T1/ppl/bx/n' in size <12> not available
(Font)              Font shape `T1/ppl/b/n' tried instead on input line 287.
LaTeX Font Info:    Font shape `T1/ppl/bx/n' in size <10.95> not available
(Font)              Font shape `T1/ppl/b/n' tried instead on input line 297.
[1

{C:/Users/Victor/AppData/Local/MiKTeX/2.9/pdftex/config/pdftex.map}]

! LaTeX Error: File `https://wikimedia.org/api/rest_v1/media/math/render/svg/5c
aa90fc15105b74b59a30bbc9cc2e5bd43a13b7' not found.

See the LaTeX manual or LaTeX Companion for explanation.
Type  H <return>  for immediate help.
 ...                                              
                                                  
l.360 ...5caa90fc15105b74b59a30bbc9cc2e5bd43a13b7}
                                                  
I could not locate the file with any of these extensions:
.png,.pdf,.jpg,.mps,.jpeg,.jbig2,.jb2,.PNG,.PDF,.JPG,.JPEG,.JBIG2,.JB2
Try typing  <return>  to proceed.
If that doesn't work, type  X <return>  to quit.

LaTeX Font Info:    Try loading font information for TS1+ppl on input line 393.

("C:\Program Files (x86)\MiKTeX 2.9\tex\latex\psnfss\ts1ppl.fd"
File: ts1ppl.fd 2001/06/04 font definitions for TS1/ppl.
)
LaTeX Font Info:    Try loading font information for T1+cmtt on input line 393.


("C:\Program Files (x86)\MiKTeX 2.9\tex\latex\base\t1cmtt.fd"
File: t1cmtt.fd 1999/05/25 v2.5h Standard LaTeX font definitions
)
<train_data_dist_twosided.png, id=21, 867.24pt x 433.62pt>
File: train_data_dist_twosided.png Graphic file (type png)

<use train_data_dist_twosided.png>
Package pdftex.def Info: train_data_dist_twosided.png used on input line 431.
(pdftex.def)             Requested size: 375.80544pt x 187.90198pt.
 [2
! Font \csname\endcsname=fplmr at 10.95pt not loadable: Metric (TFM) file not f
ound.
\AtBegShi@Output ...ipout \box \AtBeginShipoutBox 
                                                  \fi \fi 
l.441 
      
I wasn't able to read the size data for this font,
so I will ignore the font specification.
[Wizards can fix TFM files using TFtoPL/PLtoTF.]
You might try inserting a different font spec;
e.g., type `I\font<same font id>=<substitute font name>'.

] <signal_phase_example.png, id=37, 867.24pt x 433.62pt>
File: signal_phase_example.png Graphic file (type png)

<use signal_phase_example.png>
Package pdftex.def Info: signal_phase_example.png used on input line 449.
(pdftex.def)             Requested size: 375.80544pt x 187.90198pt.

<signal_fault_normal_raw.png, id=38, 867.24pt x 578.16pt>
File: signal_fault_normal_raw.png Graphic file (type png)

<use signal_fault_normal_raw.png>
Package pdftex.def Info: signal_fault_normal_raw.png used on input line 454.
(pdftex.def)             Requested size: 375.80544pt x 250.53596pt.

Underfull \hbox (badness 1648) in paragraph at lines 453--455
[]\T1/ppl/m/n/10.95 The fig-ure be-low shows a com-par-i-son be-tween a fault a
nd nor-mal ex-am-ple sig-nals.
 []

[3 <C:/Users/Victor/git/Udacity/mlen-capstone-udacity/Report/train_data_dist_tw
osided.png> <C:/Users/Victor/git/Udacity/mlen-capstone-udacity/Report/signal_ph
ase_example.png>] [4 <C:/Users/Victor/git/Udacity/mlen-capstone-udacity/Report/
signal_fault_normal_raw.png>]
! Font OML/zplm/m/it/10.95=zplmr7m at 10.95pt not loadable: Metric (TFM) file n
ot found.
<to be read again> 
                   relax 
l.561   wavelet coefficients \(
                               c\) for each level.
I wasn't able to read the size data for this font,
so I will ignore the font specification.
[Wizards can fix TFM files using TFtoPL/PLtoTF.]
You might try inserting a different font spec;
e.g., type `I\font<same font id>=<substitute font name>'.

! Font OML/zplm/m/it/8=zplmr7m at 8.0pt not loadable: Metric (TFM) file not fou
nd.
<to be read again> 
                   relax 
l.561   wavelet coefficients \(
                               c\) for each level.
I wasn't able to read the size data for this font,
so I will ignore the font specification.
[Wizards can fix TFM files using TFtoPL/PLtoTF.]
You might try inserting a different font spec;
e.g., type `I\font<same font id>=<substitute font name>'.

! Font OML/zplm/m/it/6=zplmr7m at 6.0pt not loadable: Metric (TFM) file not fou
nd.
<to be read again> 
                   relax 
l.561   wavelet coefficients \(
                               c\) for each level.
I wasn't able to read the size data for this font,
so I will ignore the font specification.
[Wizards can fix TFM files using TFtoPL/PLtoTF.]
You might try inserting a different font spec;
e.g., type `I\font<same font id>=<substitute font name>'.

! Font OMS/zplm/m/n/10.95=zplmr7y at 10.95pt not loadable: Metric (TFM) file no
t found.
<to be read again> 
                   relax 
l.561   wavelet coefficients \(
                               c\) for each level.
I wasn't able to read the size data for this font,
so I will ignore the font specification.
[Wizards can fix TFM files using TFtoPL/PLtoTF.]
You might try inserting a different font spec;
e.g., type `I\font<same font id>=<substitute font name>'.

! Font OMS/zplm/m/n/8=zplmr7y at 8.0pt not loadable: Metric (TFM) file not foun
d.
<to be read again> 
                   relax 
l.561   wavelet coefficients \(
                               c\) for each level.
I wasn't able to read the size data for this font,
so I will ignore the font specification.
[Wizards can fix TFM files using TFtoPL/PLtoTF.]
You might try inserting a different font spec;
e.g., type `I\font<same font id>=<substitute font name>'.

! Font OMS/zplm/m/n/6=zplmr7y at 6.0pt not loadable: Metric (TFM) file not foun
d.
<to be read again> 
                   relax 
l.561   wavelet coefficients \(
                               c\) for each level.
I wasn't able to read the size data for this font,
so I will ignore the font specification.
[Wizards can fix TFM files using TFtoPL/PLtoTF.]
You might try inserting a different font spec;
e.g., type `I\font<same font id>=<substitute font name>'.

! Font OMX/zplm/m/n/10.95=zplmr7v at 10.95pt not loadable: Metric (TFM) file no
t found.
<to be read again> 
                   relax 
l.561   wavelet coefficients \(
                               c\) for each level.
I wasn't able to read the size data for this font,
so I will ignore the font specification.
[Wizards can fix TFM files using TFtoPL/PLtoTF.]
You might try inserting a different font spec;
e.g., type `I\font<same font id>=<substitute font name>'.

! Font OMX/zplm/m/n/8=zplmr7v at 8.0pt not loadable: Metric (TFM) file not foun
d.
<to be read again> 
                   relax 
l.561   wavelet coefficients \(
                               c\) for each level.
I wasn't able to read the size data for this font,
so I will ignore the font specification.
[Wizards can fix TFM files using TFtoPL/PLtoTF.]
You might try inserting a different font spec;
e.g., type `I\font<same font id>=<substitute font name>'.

! Font OMX/zplm/m/n/6=zplmr7v at 6.0pt not loadable: Metric (TFM) file not foun
d.
<to be read again> 
                   relax 
l.561   wavelet coefficients \(
                               c\) for each level.
I wasn't able to read the size data for this font,
so I will ignore the font specification.
[Wizards can fix TFM files using TFtoPL/PLtoTF.]
You might try inserting a different font spec;
e.g., type `I\font<same font id>=<substitute font name>'.

! Font OT1/zplm/m/n/10.95=zplmr7t at 10.95pt not loadable: Metric (TFM) file no
t found.
<to be read again> 
                   relax 
l.561   wavelet coefficients \(
                               c\) for each level.
I wasn't able to read the size data for this font,
so I will ignore the font specification.
[Wizards can fix TFM files using TFtoPL/PLtoTF.]
You might try inserting a different font spec;
e.g., type `I\font<same font id>=<substitute font name>'.

! Font OT1/zplm/m/n/8=zplmr7t at 8.0pt not loadable: Metric (TFM) file not foun
d.
<to be read again> 
                   relax 
l.561   wavelet coefficients \(
                               c\) for each level.
I wasn't able to read the size data for this font,
so I will ignore the font specification.
[Wizards can fix TFM files using TFtoPL/PLtoTF.]
You might try inserting a different font spec;
e.g., type `I\font<same font id>=<substitute font name>'.

! Font OT1/zplm/m/n/6=zplmr7t at 6.0pt not loadable: Metric (TFM) file not foun
d.
<to be read again> 
                   relax 
l.561   wavelet coefficients \(
                               c\) for each level.
I wasn't able to read the size data for this font,
so I will ignore the font specification.
[Wizards can fix TFM files using TFtoPL/PLtoTF.]
You might try inserting a different font spec;
e.g., type `I\font<same font id>=<substitute font name>'.

LaTeX Font Info:    Font shape `U/msa/m/n' will be
(Font)              scaled to size 11.40997pt on input line 561.
LaTeX Font Info:    Font shape `U/msa/m/n' will be
(Font)              scaled to size 8.33606pt on input line 561.
LaTeX Font Info:    Font shape `U/msa/m/n' will be
(Font)              scaled to size 6.25204pt on input line 561.
LaTeX Font Info:    Font shape `U/msb/m/n' will be
(Font)              scaled to size 11.40997pt on input line 561.
LaTeX Font Info:    Font shape `U/msb/m/n' will be
(Font)              scaled to size 8.33606pt on input line 561.
LaTeX Font Info:    Font shape `U/msb/m/n' will be
(Font)              scaled to size 6.25204pt on input line 561.
Missing character: There is no ( in font nullfont!
! Math formula deleted: Insufficient symbol fonts.
\)->\relax \ifmmode \ifinner $
                              \else \@badmath \fi \else \@badmath \fi 
l.561   wavelet coefficients \(c\)
                                   for each level.
Sorry, but I can't typeset math unless \textfont 2
and \scriptfont 2 and \scriptscriptfont 2 have all
the \fontdimen values needed in math symbol fonts.

! Math formula deleted: Insufficient symbol fonts.
\)->\relax \ifmmode \ifinner $
                              \else \@badmath \fi \else \@badmath \fi 
l.563   Chosse an appropriate threshold \(T_{d}\)
                                                  for selecting the
Sorry, but I can't typeset math unless \textfont 2
and \scriptfont 2 and \scriptscriptfont 2 have all
the \fontdimen values needed in math symbol fonts.

! Math formula deleted: Insufficient symbol fonts.
\)->\relax \ifmmode \ifinner $
                              \else \@badmath \fi \else \@badmath \fi 
l.573 ...}1{]} will be used. The limit \(T_{d,j}\)
                                                   is calculated
Sorry, but I can't typeset math unless \textfont 2
and \scriptfont 2 and \scriptscriptfont 2 have all
the \fontdimen values needed in math symbol fonts.

! Math formula deleted: Insufficient symbol fonts.
\endmathdisplay ...badmath \fi \endmathdisplay@a $
                                                  $\global \let \df@label \@...
l.577 \[\sigma = \frac{1}{0.6745}~MAD(|c|) \]
                                             
Sorry, but I can't typeset math unless \textfont 2
and \scriptfont 2 and \scriptscriptfont 2 have all
the \fontdimen values needed in math symbol fonts.

! Math formula deleted: Insufficient symbol fonts.
\endmathdisplay ...badmath \fi \endmathdisplay@a $
                                                  $\global \let \df@label \@...
l.579 \[T_{d} = \sigma\sqrt{2\log{n}} \]
                                        
Sorry, but I can't typeset math unless \textfont 2
and \scriptfont 2 and \scriptscriptfont 2 have all
the \fontdimen values needed in math symbol fonts.

! Math formula deleted: Insufficient symbol fonts.
\)->\relax \ifmmode \ifinner $
                              \else \@badmath \fi \else \@badmath \fi 
l.581 where \(n\)
                  is the lenght of the signal. The selected mother wavelet
Sorry, but I can't typeset math unless \textfont 2
and \scriptfont 2 and \scriptscriptfont 2 have all
the \fontdimen values needed in math symbol fonts.

<signal_phase_denoised.png, id=59, 1300.86pt x 578.16pt>
File: signal_phase_denoised.png Graphic file (type png)

<use signal_phase_denoised.png>
Package pdftex.def Info: signal_phase_denoised.png used on input line 592.
(pdftex.def)             Requested size: 375.80544pt x 167.0181pt.
 [5]
<signal_peaks.png, id=73, 867.24pt x 433.62pt>
File: signal_peaks.png Graphic file (type png)
 <use signal_peaks.png>
Package pdftex.def Info: signal_peaks.png used on input line 665.
(pdftex.def)             Requested size: 375.80544pt x 187.90198pt.

<signal_peak_zoom.png, id=74, 867.24pt x 433.62pt>
File: signal_peak_zoom.png Graphic file (type png)
 <use signal_peak_zoom.png>
Package pdftex.def Info: signal_peak_zoom.png used on input line 671.
(pdftex.def)             Requested size: 375.80544pt x 187.90198pt.

[6 <C:/Users/Victor/git/Udacity/mlen-capstone-udacity/Report/signal_phase_denoi
sed.png>] [7 <C:/Users/Victor/git/Udacity/mlen-capstone-udacity/Report/signal_p
eaks.png> <C:/Users/Victor/git/Udacity/mlen-capstone-udacity/Report/signal_peak
_zoom.png>] <signal_fault_normal_psd_denoised.png, id=93, 867.24pt x 578.16pt>
File: signal_fault_normal_psd_denoised.png Graphic file (type png)

<use signal_fault_normal_psd_denoised.png>
Package pdftex.def Info: signal_fault_normal_psd_denoised.png used on input lin
e 704.
(pdftex.def)             Requested size: 375.80544pt x 250.53596pt.

Overfull \hbox (29.24463pt too wide) in paragraph at lines 740--741
[]\T1/ppl/m/n/10.95 number_of_peaks_p1|  
 []


Overfull \hbox (21.61676pt too wide) in paragraph at lines 742--743
[]\T1/ppl/m/n/10.95 3.282633e+01|  
 []


Overfull \hbox (21.61676pt too wide) in paragraph at lines 744--745
[]\T1/ppl/m/n/10.95 7.949112e+01|  
 []


Overfull \hbox (21.61676pt too wide) in paragraph at lines 746--747
[]\T1/ppl/m/n/10.95 0.000000e+00|  
 []


Overfull \hbox (21.61676pt too wide) in paragraph at lines 748--749
[]\T1/ppl/m/n/10.95 3.000000e+00|  
 []


Overfull \hbox (21.61676pt too wide) in paragraph at lines 750--751
[]\T1/ppl/m/n/10.95 1.000000e+01|  
 []


Overfull \hbox (21.61676pt too wide) in paragraph at lines 752--753
[]\T1/ppl/m/n/10.95 3.000000e+01|  
 []


Overfull \hbox (19.90614pt too wide) in paragraph at lines 754--755
[]\T1/ppl/m/n/10.95 1144.000000|  
 []


Overfull \hbox (29.24463pt too wide) in paragraph at lines 757--758
[]\T1/ppl/m/n/10.95 number_of_peaks_p2|  
 []


Overfull \hbox (21.61676pt too wide) in paragraph at lines 759--760
[]\T1/ppl/m/n/10.95 3.183942e+01|  
 []


Overfull \hbox (21.61676pt too wide) in paragraph at lines 761--762
[]\T1/ppl/m/n/10.95 8.018707e+01|  
 []


Overfull \hbox (21.61676pt too wide) in paragraph at lines 763--764
[]\T1/ppl/m/n/10.95 0.000000e+00|  
 []


Overfull \hbox (21.61676pt too wide) in paragraph at lines 765--766
[]\T1/ppl/m/n/10.95 2.000000e+00|  
 []


Overfull \hbox (21.61676pt too wide) in paragraph at lines 767--768
[]\T1/ppl/m/n/10.95 9.000000e+00|  
 []


Overfull \hbox (21.61676pt too wide) in paragraph at lines 769--770
[]\T1/ppl/m/n/10.95 2.700000e+01|  
 []


Overfull \hbox (19.90614pt too wide) in paragraph at lines 771--772
[]\T1/ppl/m/n/10.95 1164.000000|  
 []


Overfull \hbox (29.24463pt too wide) in paragraph at lines 774--775
[]\T1/ppl/m/n/10.95 number_of_peaks_p3|  
 []


Overfull \hbox (21.61676pt too wide) in paragraph at lines 776--777
[]\T1/ppl/m/n/10.95 3.176102e+01|  
 []


Overfull \hbox (21.61676pt too wide) in paragraph at lines 778--779
[]\T1/ppl/m/n/10.95 7.946652e+01|  
 []


Overfull \hbox (21.61676pt too wide) in paragraph at lines 780--781
[]\T1/ppl/m/n/10.95 0.000000e+00|  
 []


Overfull \hbox (21.61676pt too wide) in paragraph at lines 782--783
[]\T1/ppl/m/n/10.95 2.000000e+00|  
 []


Overfull \hbox (21.61676pt too wide) in paragraph at lines 784--785
[]\T1/ppl/m/n/10.95 9.000000e+00|  
 []


Overfull \hbox (21.61676pt too wide) in paragraph at lines 786--787
[]\T1/ppl/m/n/10.95 2.800000e+01|  
 []


Overfull \hbox (19.90614pt too wide) in paragraph at lines 788--789
[]\T1/ppl/m/n/10.95 1155.000000|  
 []


Overfull \hbox (29.24463pt too wide) in paragraph at lines 791--792
[]\T1/ppl/m/n/10.95 number_of_peaks_p4|  
 []


Overfull \hbox (21.61676pt too wide) in paragraph at lines 793--794
[]\T1/ppl/m/n/10.95 3.221247e+01|  
 []


Overfull \hbox (21.61676pt too wide) in paragraph at lines 795--796
[]\T1/ppl/m/n/10.95 8.259928e+01|  
 []


Overfull \hbox (21.61676pt too wide) in paragraph at lines 797--798
[]\T1/ppl/m/n/10.95 0.000000e+00|  
 []


Overfull \hbox (21.61676pt too wide) in paragraph at lines 799--800
[]\T1/ppl/m/n/10.95 2.000000e+00|  
 []


Overfull \hbox (21.61676pt too wide) in paragraph at lines 801--802
[]\T1/ppl/m/n/10.95 9.000000e+00|  
 []


Overfull \hbox (21.61676pt too wide) in paragraph at lines 803--804
[]\T1/ppl/m/n/10.95 2.800000e+01|  
 []


Overfull \hbox (19.90614pt too wide) in paragraph at lines 805--806
[]\T1/ppl/m/n/10.95 1146.000000|  
 []


Overfull \hbox (52.16287pt too wide) in paragraph at lines 808--809
[]\T1/ppl/m/n/10.95 mean_width_of_peaks_p1|  
 []


Overfull \hbox (7.67746pt too wide) in paragraph at lines 810--811
[]\T1/ppl/m/n/10.95 8.630635e- 
 []


Overfull \hbox (7.67746pt too wide) in paragraph at lines 812--813
[]\T1/ppl/m/n/10.95 1.748492e- 
 []


Overfull \hbox (21.61676pt too wide) in paragraph at lines 814--815
[]\T1/ppl/m/n/10.95 0.000000e+00|  
 []


Overfull \hbox (7.67746pt too wide) in paragraph at lines 816--817
[]\T1/ppl/m/n/10.95 7.329588e- 
 []


Overfull \hbox (7.67746pt too wide) in paragraph at lines 818--819
[]\T1/ppl/m/n/10.95 2.927462e- 
 []


Overfull \hbox (7.67746pt too wide) in paragraph at lines 820--821
[]\T1/ppl/m/n/10.95 8.171508e- 
 []


Overfull \hbox (3.48117pt too wide) in paragraph at lines 822--823
[]\T1/ppl/m/n/10.95 0.019447|  
 []


Overfull \hbox (52.16287pt too wide) in paragraph at lines 825--826
[]\T1/ppl/m/n/10.95 mean_width_of_peaks_p2|  
 []


Overfull \hbox (7.67746pt too wide) in paragraph at lines 827--828
[]\T1/ppl/m/n/10.95 8.074817e- 
 []


Overfull \hbox (7.67746pt too wide) in paragraph at lines 829--830
[]\T1/ppl/m/n/10.95 1.542744e- 
 []


Overfull \hbox (21.61676pt too wide) in paragraph at lines 831--832
[]\T1/ppl/m/n/10.95 0.000000e+00|  
 []


Overfull \hbox (7.67746pt too wide) in paragraph at lines 833--834
[]\T1/ppl/m/n/10.95 4.746766e- 
 []


Overfull \hbox (7.67746pt too wide) in paragraph at lines 835--836
[]\T1/ppl/m/n/10.95 3.000340e- 
 []


Overfull \hbox (7.67746pt too wide) in paragraph at lines 837--838
[]\T1/ppl/m/n/10.95 8.291256e- 
 []


Overfull \hbox (3.48117pt too wide) in paragraph at lines 839--840
[]\T1/ppl/m/n/10.95 0.019327|  
 []


Overfull \hbox (52.16287pt too wide) in paragraph at lines 842--843
[]\T1/ppl/m/n/10.95 mean_width_of_peaks_p4|  
 []


Overfull \hbox (7.67746pt too wide) in paragraph at lines 844--845
[]\T1/ppl/m/n/10.95 7.308763e- 
 []


Overfull \hbox (7.67746pt too wide) in paragraph at lines 846--847
[]\T1/ppl/m/n/10.95 1.456980e- 
 []


Overfull \hbox (21.61676pt too wide) in paragraph at lines 848--849
[]\T1/ppl/m/n/10.95 0.000000e+00|  
 []


Overfull \hbox (7.67746pt too wide) in paragraph at lines 850--851
[]\T1/ppl/m/n/10.95 4.004865e- 
 []


Overfull \hbox (7.67746pt too wide) in paragraph at lines 852--853
[]\T1/ppl/m/n/10.95 2.600330e- 
 []


Overfull \hbox (7.67746pt too wide) in paragraph at lines 854--855
[]\T1/ppl/m/n/10.95 7.639245e- 
 []


Overfull \hbox (3.48117pt too wide) in paragraph at lines 856--857
[]\T1/ppl/m/n/10.95 0.018890|  
 []


Overfull \hbox (52.16287pt too wide) in paragraph at lines 859--860
[]\T1/ppl/m/n/10.95 mean_width_of_peaks_p3|  
 []


Overfull \hbox (7.67746pt too wide) in paragraph at lines 861--862
[]\T1/ppl/m/n/10.95 5.046811e- 
 []


Overfull \hbox (7.67746pt too wide) in paragraph at lines 863--864
[]\T1/ppl/m/n/10.95 1.226370e- 
 []


Overfull \hbox (21.61676pt too wide) in paragraph at lines 865--866
[]\T1/ppl/m/n/10.95 0.000000e+00|  
 []


Overfull \hbox (7.67746pt too wide) in paragraph at lines 867--868
[]\T1/ppl/m/n/10.95 2.521847e- 
 []


Overfull \hbox (7.67746pt too wide) in paragraph at lines 869--870
[]\T1/ppl/m/n/10.95 1.673808e- 
 []


Overfull \hbox (7.67746pt too wide) in paragraph at lines 871--872
[]\T1/ppl/m/n/10.95 4.927585e- 
 []


Overfull \hbox (3.48117pt too wide) in paragraph at lines 873--874
[]\T1/ppl/m/n/10.95 0.019500|  
 []


Overfull \hbox (46.19518pt too wide) in paragraph at lines 876--877
[]\T1/ppl/m/n/10.95 max_width_of_peaks_p1|  
 []


Overfull \hbox (7.67746pt too wide) in paragraph at lines 878--879
[]\T1/ppl/m/n/10.95 3.334883e- 
 []


Overfull \hbox (7.67746pt too wide) in paragraph at lines 880--881
[]\T1/ppl/m/n/10.95 3.637011e- 
 []


Overfull \hbox (21.61676pt too wide) in paragraph at lines 882--883
[]\T1/ppl/m/n/10.95 0.000000e+00|  
 []


Overfull \hbox (7.67746pt too wide) in paragraph at lines 884--885
[]\T1/ppl/m/n/10.95 6.413317e- 
 []


Overfull \hbox (7.67746pt too wide) in paragraph at lines 886--887
[]\T1/ppl/m/n/10.95 2.265090e- 
 []


Overfull \hbox (7.67746pt too wide) in paragraph at lines 888--889
[]\T1/ppl/m/n/10.95 4.740015e- 
 []


Overfull \hbox (3.48117pt too wide) in paragraph at lines 890--891
[]\T1/ppl/m/n/10.95 0.019490|  
 []


Overfull \hbox (46.19518pt too wide) in paragraph at lines 893--894
[]\T1/ppl/m/n/10.95 max_width_of_peaks_p2|  
 []


Overfull \hbox (7.67746pt too wide) in paragraph at lines 895--896
[]\T1/ppl/m/n/10.95 3.302283e- 
 []


Overfull \hbox (7.67746pt too wide) in paragraph at lines 897--898
[]\T1/ppl/m/n/10.95 3.350480e- 
 []


Overfull \hbox (21.61676pt too wide) in paragraph at lines 899--900
[]\T1/ppl/m/n/10.95 0.000000e+00|  
 []


Overfull \hbox (7.67746pt too wide) in paragraph at lines 901--902
[]\T1/ppl/m/n/10.95 2.658889e- 
 []


Overfull \hbox (7.67746pt too wide) in paragraph at lines 903--904
[]\T1/ppl/m/n/10.95 2.482477e- 
 []


Overfull \hbox (7.67746pt too wide) in paragraph at lines 905--906
[]\T1/ppl/m/n/10.95 5.477506e- 
 []


Overfull \hbox (3.48117pt too wide) in paragraph at lines 907--908
[]\T1/ppl/m/n/10.95 0.019327|  
 []


Overfull \hbox (46.19518pt too wide) in paragraph at lines 910--911
[]\T1/ppl/m/n/10.95 max_width_of_peaks_p3|  
 []


Overfull \hbox (7.67746pt too wide) in paragraph at lines 912--913
[]\T1/ppl/m/n/10.95 3.100975e- 
 []


Overfull \hbox (7.67746pt too wide) in paragraph at lines 914--915
[]\T1/ppl/m/n/10.95 3.255219e- 
 []


Overfull \hbox (21.61676pt too wide) in paragraph at lines 916--917
[]\T1/ppl/m/n/10.95 0.000000e+00|  
 []


Overfull \hbox (7.67746pt too wide) in paragraph at lines 918--919
[]\T1/ppl/m/n/10.95 2.220042e- 
 []


Overfull \hbox (7.67746pt too wide) in paragraph at lines 920--921
[]\T1/ppl/m/n/10.95 2.174817e- 
 []


Overfull \hbox (7.67746pt too wide) in paragraph at lines 922--923
[]\T1/ppl/m/n/10.95 5.019026e- 
 []


Overfull \hbox (3.48117pt too wide) in paragraph at lines 924--925
[]\T1/ppl/m/n/10.95 0.019500|  
 []


Overfull \hbox (46.19518pt too wide) in paragraph at lines 927--928
[]\T1/ppl/m/n/10.95 max_width_of_peaks_p4|  
 []


Overfull \hbox (7.67746pt too wide) in paragraph at lines 929--930
[]\T1/ppl/m/n/10.95 2.410394e- 
 []


Overfull \hbox (7.67746pt too wide) in paragraph at lines 931--932
[]\T1/ppl/m/n/10.95 3.230426e- 
 []


Overfull \hbox (21.61676pt too wide) in paragraph at lines 933--934
[]\T1/ppl/m/n/10.95 0.000000e+00|  
 []


Overfull \hbox (7.67746pt too wide) in paragraph at lines 935--936
[]\T1/ppl/m/n/10.95 8.497598e- 
 []


Overfull \hbox (7.67746pt too wide) in paragraph at lines 937--938
[]\T1/ppl/m/n/10.95 1.173368e- 
 []


Overfull \hbox (7.67746pt too wide) in paragraph at lines 939--940
[]\T1/ppl/m/n/10.95 3.264513e- 
 []


Overfull \hbox (3.48117pt too wide) in paragraph at lines 941--942
[]\T1/ppl/m/n/10.95 0.019573|  
 []


Overfull \hbox (44.62926pt too wide) in paragraph at lines 944--945
[]\T1/ppl/m/n/10.95 min_width_of_peaks_p1|  
 []


Overfull \hbox (7.67746pt too wide) in paragraph at lines 946--947
[]\T1/ppl/m/n/10.95 2.728285e- 
 []


Overfull \hbox (7.67746pt too wide) in paragraph at lines 948--949
[]\T1/ppl/m/n/10.95 1.509799e- 
 []


Overfull \hbox (21.61676pt too wide) in paragraph at lines 950--951
[]\T1/ppl/m/n/10.95 0.000000e+00|  
 []


Overfull \hbox (7.67746pt too wide) in paragraph at lines 952--953
[]\T1/ppl/m/n/10.95 4.097289e- 
 []


Overfull \hbox (7.67746pt too wide) in paragraph at lines 954--955
[]\T1/ppl/m/n/10.95 6.645745e- 
 []


Overfull \hbox (7.67746pt too wide) in paragraph at lines 956--957
[]\T1/ppl/m/n/10.95 2.422277e- 
 []


Overfull \hbox (3.48117pt too wide) in paragraph at lines 958--959
[]\T1/ppl/m/n/10.95 0.019447|  
 []


Overfull \hbox (44.62926pt too wide) in paragraph at lines 961--962
[]\T1/ppl/m/n/10.95 min_width_of_peaks_p2|  
 []


Overfull \hbox (7.67746pt too wide) in paragraph at lines 963--964
[]\T1/ppl/m/n/10.95 2.582206e- 
 []


Overfull \hbox (7.67746pt too wide) in paragraph at lines 965--966
[]\T1/ppl/m/n/10.95 1.327438e- 
 []


Overfull \hbox (21.61676pt too wide) in paragraph at lines 967--968
[]\T1/ppl/m/n/10.95 0.000000e+00|  
 []


Overfull \hbox (7.67746pt too wide) in paragraph at lines 969--970
[]\T1/ppl/m/n/10.95 3.885520e- 
 []


Overfull \hbox (7.67746pt too wide) in paragraph at lines 971--972
[]\T1/ppl/m/n/10.95 4.552797e- 
 []


Overfull \hbox (7.67746pt too wide) in paragraph at lines 973--974
[]\T1/ppl/m/n/10.95 1.061528e- 
 []


Overfull \hbox (3.48117pt too wide) in paragraph at lines 975--976
[]\T1/ppl/m/n/10.95 0.019327|  
 []


Overfull \hbox (44.62926pt too wide) in paragraph at lines 978--979
[]\T1/ppl/m/n/10.95 min_width_of_peaks_p4|  
 []


Overfull \hbox (7.67746pt too wide) in paragraph at lines 980--981
[]\T1/ppl/m/n/10.95 2.262931e- 
 []


Overfull \hbox (7.67746pt too wide) in paragraph at lines 982--983
[]\T1/ppl/m/n/10.95 1.252956e- 
 []


Overfull \hbox (21.61676pt too wide) in paragraph at lines 984--985
[]\T1/ppl/m/n/10.95 0.000000e+00|  
 []


Overfull \hbox (7.67746pt too wide) in paragraph at lines 986--987
[]\T1/ppl/m/n/10.95 3.830487e- 
 []


Overfull \hbox (7.67746pt too wide) in paragraph at lines 988--989
[]\T1/ppl/m/n/10.95 4.486472e- 
 []


Overfull \hbox (7.67746pt too wide) in paragraph at lines 990--991
[]\T1/ppl/m/n/10.95 6.839709e- 
 []


Overfull \hbox (3.48117pt too wide) in paragraph at lines 992--993
[]\T1/ppl/m/n/10.95 0.018890|  
 []


Overfull \hbox (44.62926pt too wide) in paragraph at lines 995--996
[]\T1/ppl/m/n/10.95 min_width_of_peaks_p3|  
 []


Overfull \hbox (7.67746pt too wide) in paragraph at lines 997--998
[]\T1/ppl/m/n/10.95 1.358825e- 
 []


Overfull \hbox (7.67746pt too wide) in paragraph at lines 999--1000
[]\T1/ppl/m/n/10.95 1.051550e- 
 []


Overfull \hbox (21.61676pt too wide) in paragraph at lines 1001--1002
[]\T1/ppl/m/n/10.95 0.000000e+00|  
 []


Overfull \hbox (7.67746pt too wide) in paragraph at lines 1003--1004
[]\T1/ppl/m/n/10.95 3.830376e- 
 []


Overfull \hbox (7.67746pt too wide) in paragraph at lines 1005--1006
[]\T1/ppl/m/n/10.95 4.363012e- 
 []


Overfull \hbox (7.67746pt too wide) in paragraph at lines 1007--1008
[]\T1/ppl/m/n/10.95 8.761062e- 
 []


Overfull \hbox (3.48117pt too wide) in paragraph at lines 1009--1010
[]\T1/ppl/m/n/10.95 0.019500|  
 []


Overfull \hbox (54.04611pt too wide) in paragraph at lines 1012--1013
[]\T1/ppl/m/n/10.95 mean_height_of_peaks_p1|  
 []


Overfull \hbox (21.61676pt too wide) in paragraph at lines 1014--1015
[]\T1/ppl/m/n/10.95 2.202472e+01|  
 []


Overfull \hbox (21.61676pt too wide) in paragraph at lines 1016--1017
[]\T1/ppl/m/n/10.95 1.713153e+01|  
 []


Overfull \hbox (21.61676pt too wide) in paragraph at lines 1018--1019
[]\T1/ppl/m/n/10.95 0.000000e+00|  
 []


Overfull \hbox (21.61676pt too wide) in paragraph at lines 1020--1021
[]\T1/ppl/m/n/10.95 1.247731e+01|  
 []


Overfull \hbox (21.61676pt too wide) in paragraph at lines 1022--1023
[]\T1/ppl/m/n/10.95 1.664245e+01|  
 []


Overfull \hbox (21.61676pt too wide) in paragraph at lines 1024--1025
[]\T1/ppl/m/n/10.95 2.664678e+01|  
 []


Overfull \hbox (14.43115pt too wide) in paragraph at lines 1026--1027
[]\T1/ppl/m/n/10.95 233.441267|  
 []


Overfull \hbox (54.04611pt too wide) in paragraph at lines 1029--1030
[]\T1/ppl/m/n/10.95 mean_height_of_peaks_p2|  
 []


Overfull \hbox (21.61676pt too wide) in paragraph at lines 1031--1032
[]\T1/ppl/m/n/10.95 2.131062e+01|  
 []


Overfull \hbox (21.61676pt too wide) in paragraph at lines 1033--1034
[]\T1/ppl/m/n/10.95 1.857717e+01|  
 []


Overfull \hbox (21.61676pt too wide) in paragraph at lines 1035--1036
[]\T1/ppl/m/n/10.95 0.000000e+00|  
 []


Overfull \hbox (21.61676pt too wide) in paragraph at lines 1037--1038
[]\T1/ppl/m/n/10.95 1.120602e+01|  
 []


Overfull \hbox (21.61676pt too wide) in paragraph at lines 1039--1040
[]\T1/ppl/m/n/10.95 1.648475e+01|  
 []


Overfull \hbox (21.61676pt too wide) in paragraph at lines 1041--1042
[]\T1/ppl/m/n/10.95 2.836656e+01|  
 []


Overfull \hbox (14.43115pt too wide) in paragraph at lines 1043--1044
[]\T1/ppl/m/n/10.95 156.574158|  
 []


Overfull \hbox (54.04611pt too wide) in paragraph at lines 1046--1047
[]\T1/ppl/m/n/10.95 mean_height_of_peaks_p4|  
 []


Overfull \hbox (21.61676pt too wide) in paragraph at lines 1048--1049
[]\T1/ppl/m/n/10.95 2.123533e+01|  
 []


Overfull \hbox (21.61676pt too wide) in paragraph at lines 1050--1051
[]\T1/ppl/m/n/10.95 1.899801e+01|  
 []


Overfull \hbox (21.61676pt too wide) in paragraph at lines 1052--1053
[]\T1/ppl/m/n/10.95 0.000000e+00|  
 []


Overfull \hbox (21.61676pt too wide) in paragraph at lines 1054--1055
[]\T1/ppl/m/n/10.95 1.114737e+01|  
 []


Overfull \hbox (21.61676pt too wide) in paragraph at lines 1056--1057
[]\T1/ppl/m/n/10.95 1.637225e+01|  
 []


Overfull \hbox (21.61676pt too wide) in paragraph at lines 1058--1059
[]\T1/ppl/m/n/10.95 2.833730e+01|  
 []


Overfull \hbox (14.43115pt too wide) in paragraph at lines 1060--1061
[]\T1/ppl/m/n/10.95 170.794998|  
 []


Overfull \hbox (54.04611pt too wide) in paragraph at lines 1063--1064
[]\T1/ppl/m/n/10.95 mean_height_of_peaks_p3|  
 []


Overfull \hbox (21.61676pt too wide) in paragraph at lines 1065--1066
[]\T1/ppl/m/n/10.95 2.076621e+01|  
 []


Overfull \hbox (21.61676pt too wide) in paragraph at lines 1067--1068
[]\T1/ppl/m/n/10.95 1.846094e+01|  
 []


Overfull \hbox (21.61676pt too wide) in paragraph at lines 1069--1070
[]\T1/ppl/m/n/10.95 0.000000e+00|  
 []


Overfull \hbox (21.61676pt too wide) in paragraph at lines 1071--1072
[]\T1/ppl/m/n/10.95 1.106729e+01|  
 []


Overfull \hbox (21.61676pt too wide) in paragraph at lines 1073--1074
[]\T1/ppl/m/n/10.95 1.607933e+01|  
 []


Overfull \hbox (21.61676pt too wide) in paragraph at lines 1075--1076
[]\T1/ppl/m/n/10.95 2.746802e+01|  
 []


Overfull \hbox (14.43115pt too wide) in paragraph at lines 1077--1078
[]\T1/ppl/m/n/10.95 150.854187|  
 []


Overfull \hbox (48.07841pt too wide) in paragraph at lines 1080--1081
[]\T1/ppl/m/n/10.95 max_height_of_peaks_p1|  
 []


Overfull \hbox (21.61676pt too wide) in paragraph at lines 1082--1083
[]\T1/ppl/m/n/10.95 6.781429e+01|  
 []


Overfull \hbox (21.61676pt too wide) in paragraph at lines 1084--1085
[]\T1/ppl/m/n/10.95 8.039033e+01|  
 []


Overfull \hbox (21.61676pt too wide) in paragraph at lines 1086--1087
[]\T1/ppl/m/n/10.95 0.000000e+00|  
 []


Overfull \hbox (21.61676pt too wide) in paragraph at lines 1088--1089
[]\T1/ppl/m/n/10.95 1.577333e+01|  
 []


Overfull \hbox (21.61676pt too wide) in paragraph at lines 1090--1091
[]\T1/ppl/m/n/10.95 3.055797e+01|  
 []


Overfull \hbox (21.61676pt too wide) in paragraph at lines 1092--1093
[]\T1/ppl/m/n/10.95 8.173614e+01|  
 []


Overfull \hbox (14.43115pt too wide) in paragraph at lines 1094--1095
[]\T1/ppl/m/n/10.95 304.033012|  
 []


Overfull \hbox (48.07841pt too wide) in paragraph at lines 1097--1098
[]\T1/ppl/m/n/10.95 max_height_of_peaks_p2|  
 []


Overfull \hbox (21.61676pt too wide) in paragraph at lines 1099--1100
[]\T1/ppl/m/n/10.95 6.750096e+01|  
 []


Overfull \hbox (21.61676pt too wide) in paragraph at lines 1101--1102
[]\T1/ppl/m/n/10.95 8.359665e+01|  
 []


Overfull \hbox (21.61676pt too wide) in paragraph at lines 1103--1104
[]\T1/ppl/m/n/10.95 0.000000e+00|  
 []


Overfull \hbox (21.61676pt too wide) in paragraph at lines 1105--1106
[]\T1/ppl/m/n/10.95 1.273369e+01|  
 []


Overfull \hbox (21.61676pt too wide) in paragraph at lines 1107--1108
[]\T1/ppl/m/n/10.95 2.983007e+01|  
 []


Overfull \hbox (21.61676pt too wide) in paragraph at lines 1109--1110
[]\T1/ppl/m/n/10.95 8.508742e+01|  
 []


Overfull \hbox (14.43115pt too wide) in paragraph at lines 1111--1112
[]\T1/ppl/m/n/10.95 323.740506|  
 []


Overfull \hbox (48.07841pt too wide) in paragraph at lines 1114--1115
[]\T1/ppl/m/n/10.95 max_height_of_peaks_p4|  
 []


Overfull \hbox (21.61676pt too wide) in paragraph at lines 1116--1117
[]\T1/ppl/m/n/10.95 6.759822e+01|  
 []


Overfull \hbox (21.61676pt too wide) in paragraph at lines 1118--1119
[]\T1/ppl/m/n/10.95 8.408626e+01|  
 []


Overfull \hbox (21.61676pt too wide) in paragraph at lines 1120--1121
[]\T1/ppl/m/n/10.95 0.000000e+00|  
 []


Overfull \hbox (21.61676pt too wide) in paragraph at lines 1122--1123
[]\T1/ppl/m/n/10.95 1.254084e+01|  
 []


Overfull \hbox (21.61676pt too wide) in paragraph at lines 1124--1125
[]\T1/ppl/m/n/10.95 2.887481e+01|  
 []


Overfull \hbox (21.61676pt too wide) in paragraph at lines 1126--1127
[]\T1/ppl/m/n/10.95 8.683218e+01|  
 []


Overfull \hbox (14.43115pt too wide) in paragraph at lines 1128--1129
[]\T1/ppl/m/n/10.95 330.216528|  
 []


Overfull \hbox (48.07841pt too wide) in paragraph at lines 1131--1132
[]\T1/ppl/m/n/10.95 max_height_of_peaks_p3|  
 []


Overfull \hbox (21.61676pt too wide) in paragraph at lines 1133--1134
[]\T1/ppl/m/n/10.95 6.609730e+01|  
 []


Overfull \hbox (21.61676pt too wide) in paragraph at lines 1135--1136
[]\T1/ppl/m/n/10.95 8.276208e+01|  
 []


Overfull \hbox (21.61676pt too wide) in paragraph at lines 1137--1138
[]\T1/ppl/m/n/10.95 0.000000e+00|  
 []


Overfull \hbox (21.61676pt too wide) in paragraph at lines 1139--1140
[]\T1/ppl/m/n/10.95 1.227234e+01|  
 []


Overfull \hbox (21.61676pt too wide) in paragraph at lines 1141--1142
[]\T1/ppl/m/n/10.95 2.786274e+01|  
 []


Overfull \hbox (21.61676pt too wide) in paragraph at lines 1143--1144
[]\T1/ppl/m/n/10.95 8.463833e+01|  
 []


Overfull \hbox (14.43115pt too wide) in paragraph at lines 1145--1146
[]\T1/ppl/m/n/10.95 318.762537|  
 []


Overfull \hbox (46.5125pt too wide) in paragraph at lines 1148--1149
[]\T1/ppl/m/n/10.95 min_height_of_peaks_p1|  
 []


Overfull \hbox (21.61676pt too wide) in paragraph at lines 1150--1151
[]\T1/ppl/m/n/10.95 1.039030e+01|  
 []


Overfull \hbox (21.61676pt too wide) in paragraph at lines 1152--1153
[]\T1/ppl/m/n/10.95 5.024357e+00|  
 []


Overfull \hbox (21.61676pt too wide) in paragraph at lines 1154--1155
[]\T1/ppl/m/n/10.95 0.000000e+00|  
 []


Overfull \hbox (21.61676pt too wide) in paragraph at lines 1156--1157
[]\T1/ppl/m/n/10.95 1.004593e+01|  
 []


Overfull \hbox (21.61676pt too wide) in paragraph at lines 1158--1159
[]\T1/ppl/m/n/10.95 1.026697e+01|  
 []


Overfull \hbox (21.61676pt too wide) in paragraph at lines 1160--1161
[]\T1/ppl/m/n/10.95 1.097832e+01|  
 []


Overfull \hbox (14.43115pt too wide) in paragraph at lines 1162--1163
[]\T1/ppl/m/n/10.95 233.441267|  
 []


Overfull \hbox (46.5125pt too wide) in paragraph at lines 1165--1166
[]\T1/ppl/m/n/10.95 min_height_of_peaks_p2|  
 []


Overfull \hbox (21.61676pt too wide) in paragraph at lines 1167--1168
[]\T1/ppl/m/n/10.95 9.774325e+00|  
 []


Overfull \hbox (21.61676pt too wide) in paragraph at lines 1169--1170
[]\T1/ppl/m/n/10.95 6.549486e+00|  
 []


Overfull \hbox (21.61676pt too wide) in paragraph at lines 1171--1172
[]\T1/ppl/m/n/10.95 0.000000e+00|  
 []


Overfull \hbox (21.61676pt too wide) in paragraph at lines 1173--1174
[]\T1/ppl/m/n/10.95 1.001784e+01|  
 []


Overfull \hbox (21.61676pt too wide) in paragraph at lines 1175--1176
[]\T1/ppl/m/n/10.95 1.017724e+01|  
 []


Overfull \hbox (21.61676pt too wide) in paragraph at lines 1177--1178
[]\T1/ppl/m/n/10.95 1.082135e+01|  
 []


Overfull \hbox (14.43115pt too wide) in paragraph at lines 1179--1180
[]\T1/ppl/m/n/10.95 156.574158|  
 []


Overfull \hbox (46.5125pt too wide) in paragraph at lines 1182--1183
[]\T1/ppl/m/n/10.95 min_height_of_peaks_p4|  
 []


Overfull \hbox (21.61676pt too wide) in paragraph at lines 1184--1185
[]\T1/ppl/m/n/10.95 9.641617e+00|  
 []


Overfull \hbox (21.61676pt too wide) in paragraph at lines 1186--1187
[]\T1/ppl/m/n/10.95 6.408897e+00|  
 []


Overfull \hbox (21.61676pt too wide) in paragraph at lines 1188--1189
[]\T1/ppl/m/n/10.95 0.000000e+00|  
 []


Overfull \hbox (21.61676pt too wide) in paragraph at lines 1190--1191
[]\T1/ppl/m/n/10.95 1.001557e+01|  
 []


Overfull \hbox (21.61676pt too wide) in paragraph at lines 1192--1193
[]\T1/ppl/m/n/10.95 1.017939e+01|  
 []


Overfull \hbox (21.61676pt too wide) in paragraph at lines 1194--1195
[]\T1/ppl/m/n/10.95 1.080096e+01|  
 []


Overfull \hbox (14.43115pt too wide) in paragraph at lines 1196--1197
[]\T1/ppl/m/n/10.95 140.428233|  
 []


Overfull \hbox (46.5125pt too wide) in paragraph at lines 1199--1200
[]\T1/ppl/m/n/10.95 min_height_of_peaks_p3|  
 []


Overfull \hbox (21.61676pt too wide) in paragraph at lines 1201--1202
[]\T1/ppl/m/n/10.95 9.509654e+00|  
 []


Overfull \hbox (21.61676pt too wide) in paragraph at lines 1203--1204
[]\T1/ppl/m/n/10.95 6.196550e+00|  
 []


Overfull \hbox (21.61676pt too wide) in paragraph at lines 1205--1206
[]\T1/ppl/m/n/10.95 0.000000e+00|  
 []


Overfull \hbox (21.61676pt too wide) in paragraph at lines 1207--1208
[]\T1/ppl/m/n/10.95 1.001436e+01|  
 []


Overfull \hbox (21.61676pt too wide) in paragraph at lines 1209--1210
[]\T1/ppl/m/n/10.95 1.015763e+01|  
 []


Overfull \hbox (21.61676pt too wide) in paragraph at lines 1211--1212
[]\T1/ppl/m/n/10.95 1.078116e+01|  
 []


Overfull \hbox (14.43115pt too wide) in paragraph at lines 1213--1214
[]\T1/ppl/m/n/10.95 150.854187|  
 []


Overfull \hbox (14.1666pt too wide) in paragraph at lines 1216--1217
[]\T1/ppl/m/n/10.95 sum_spectrum_p1|  
 []


Overfull \hbox (7.67746pt too wide) in paragraph at lines 1218--1219
[]\T1/ppl/m/n/10.95 3.530868e- 
 []


Overfull \hbox (7.67746pt too wide) in paragraph at lines 1220--1221
[]\T1/ppl/m/n/10.95 5.352646e- 
 []


Overfull \hbox (7.67746pt too wide) in paragraph at lines 1222--1223
[]\T1/ppl/m/n/10.95 1.307255e- 
 []


Overfull \hbox (7.67746pt too wide) in paragraph at lines 1224--1225
[]\T1/ppl/m/n/10.95 3.189693e- 
 []


Overfull \hbox (7.67746pt too wide) in paragraph at lines 1226--1227
[]\T1/ppl/m/n/10.95 1.629760e- 
 []


Overfull \hbox (7.67746pt too wide) in paragraph at lines 1228--1229
[]\T1/ppl/m/n/10.95 4.491362e- 
 []


Overfull \hbox (3.48117pt too wide) in paragraph at lines 1230--1231
[]\T1/ppl/m/n/10.95 0.000072|  
 []


Overfull \hbox (14.04617pt too wide) in paragraph at lines 1233--1234
[]\T1/ppl/m/n/10.95 max_spectrum_p1|  
 []


Overfull \hbox (7.67746pt too wide) in paragraph at lines 1235--1236
[]\T1/ppl/m/n/10.95 1.086544e- 
 []


Overfull \hbox (7.67746pt too wide) in paragraph at lines 1237--1238
[]\T1/ppl/m/n/10.95 1.631758e- 
 []


Overfull \hbox (7.67746pt too wide) in paragraph at lines 1239--1240
[]\T1/ppl/m/n/10.95 1.241261e- 
 []


Overfull \hbox (7.67746pt too wide) in paragraph at lines 1241--1242
[]\T1/ppl/m/n/10.95 4.851728e- 
 []


Overfull \hbox (7.67746pt too wide) in paragraph at lines 1243--1244
[]\T1/ppl/m/n/10.95 5.659098e- 
 []


Overfull \hbox (7.67746pt too wide) in paragraph at lines 1245--1246
[]\T1/ppl/m/n/10.95 1.460518e- 
 []


Overfull \hbox (3.48117pt too wide) in paragraph at lines 1247--1248
[]\T1/ppl/m/n/10.95 0.000033|  
 []


Overfull \hbox (20.01387pt too wide) in paragraph at lines 1250--1251
[]\T1/ppl/m/n/10.95 mean_spectrum_p1|  
 []


Overfull \hbox (7.67746pt too wide) in paragraph at lines 1252--1253
[]\T1/ppl/m/n/10.95 1.103396e- 
 []


Overfull \hbox (7.67746pt too wide) in paragraph at lines 1254--1255
[]\T1/ppl/m/n/10.95 1.672702e- 
 []


Overfull \hbox (7.67746pt too wide) in paragraph at lines 1256--1257
[]\T1/ppl/m/n/10.95 4.085171e- 
 []


Overfull \hbox (7.67746pt too wide) in paragraph at lines 1258--1259
[]\T1/ppl/m/n/10.95 9.967790e- 
 []


Overfull \hbox (7.67746pt too wide) in paragraph at lines 1260--1261
[]\T1/ppl/m/n/10.95 5.092999e- 
 []


Overfull \hbox (7.67746pt too wide) in paragraph at lines 1262--1263
[]\T1/ppl/m/n/10.95 1.403551e- 
 []


Overfull \hbox (3.48117pt too wide) in paragraph at lines 1264--1265
[]\T1/ppl/m/n/10.95 0.000002|  
 []


Overfull \hbox (14.1666pt too wide) in paragraph at lines 1267--1268
[]\T1/ppl/m/n/10.95 sum_spectrum_p2|  
 []


Overfull \hbox (7.67746pt too wide) in paragraph at lines 1269--1270
[]\T1/ppl/m/n/10.95 6.212455e- 
 []


Overfull \hbox (7.67746pt too wide) in paragraph at lines 1271--1272
[]\T1/ppl/m/n/10.95 2.766406e- 
 []


Overfull \hbox (7.67746pt too wide) in paragraph at lines 1273--1274
[]\T1/ppl/m/n/10.95 1.171639e- 
 []


Overfull \hbox (7.67746pt too wide) in paragraph at lines 1275--1276
[]\T1/ppl/m/n/10.95 1.764359e- 
 []


Overfull \hbox (7.67746pt too wide) in paragraph at lines 1277--1278
[]\T1/ppl/m/n/10.95 7.864020e- 
 []


Overfull \hbox (7.67746pt too wide) in paragraph at lines 1279--1280
[]\T1/ppl/m/n/10.95 2.491131e- 
 []


Overfull \hbox (3.48117pt too wide) in paragraph at lines 1281--1282
[]\T1/ppl/m/n/10.95 0.000071|  
 []


Overfull \hbox (14.04617pt too wide) in paragraph at lines 1284--1285
[]\T1/ppl/m/n/10.95 max_spectrum_p2|  
 []


Overfull \hbox (7.67746pt too wide) in paragraph at lines 1286--1287
[]\T1/ppl/m/n/10.95 7.901966e- 
 []


Overfull \hbox (7.67746pt too wide) in paragraph at lines 1288--1289
[]\T1/ppl/m/n/10.95 4.519965e- 
 []


Overfull \hbox (7.67746pt too wide) in paragraph at lines 1290--1291
[]\T1/ppl/m/n/10.95 1.704961e- 
 []


Overfull \hbox (7.67746pt too wide) in paragraph at lines 1292--1293
[]\T1/ppl/m/n/10.95 1.339236e- 
 []


Overfull \hbox (7.67746pt too wide) in paragraph at lines 1294--1295
[]\T1/ppl/m/n/10.95 6.805220e- 
 []


Overfull \hbox (7.67746pt too wide) in paragraph at lines 1296--1297
[]\T1/ppl/m/n/10.95 2.415703e- 
 []


Overfull \hbox (3.48117pt too wide) in paragraph at lines 1298--1299
[]\T1/ppl/m/n/10.95 0.000012|  
 []


Overfull \hbox (20.01387pt too wide) in paragraph at lines 1301--1302
[]\T1/ppl/m/n/10.95 mean_spectrum_p2|  
 []


Overfull \hbox (7.67746pt too wide) in paragraph at lines 1303--1304
[]\T1/ppl/m/n/10.95 1.941392e- 
 []


Overfull \hbox (7.67746pt too wide) in paragraph at lines 1305--1306
[]\T1/ppl/m/n/10.95 8.645020e- 
 []


Overfull \hbox (7.67746pt too wide) in paragraph at lines 1307--1308
[]\T1/ppl/m/n/10.95 3.661373e- 
 []


Overfull \hbox (7.67746pt too wide) in paragraph at lines 1309--1310
[]\T1/ppl/m/n/10.95 5.513623e- 
 []


Overfull \hbox (7.67746pt too wide) in paragraph at lines 1311--1312
[]\T1/ppl/m/n/10.95 2.457506e- 
 []


Overfull \hbox (7.67746pt too wide) in paragraph at lines 1313--1314
[]\T1/ppl/m/n/10.95 7.784784e- 
 []


Overfull \hbox (3.48117pt too wide) in paragraph at lines 1315--1316
[]\T1/ppl/m/n/10.95 0.000002|  
 []


Overfull \hbox (14.1666pt too wide) in paragraph at lines 1318--1319
[]\T1/ppl/m/n/10.95 sum_spectrum_p3|  
 []


Overfull \hbox (7.67746pt too wide) in paragraph at lines 1320--1321
[]\T1/ppl/m/n/10.95 2.237456e- 
 []


Overfull \hbox (7.67746pt too wide) in paragraph at lines 1322--1323
[]\T1/ppl/m/n/10.95 9.254183e- 
 []


Overfull \hbox (7.67746pt too wide) in paragraph at lines 1324--1325
[]\T1/ppl/m/n/10.95 3.019963e- 
 []


Overfull \hbox (7.67746pt too wide) in paragraph at lines 1326--1327
[]\T1/ppl/m/n/10.95 8.739905e- 
 []


Overfull \hbox (7.67746pt too wide) in paragraph at lines 1328--1329
[]\T1/ppl/m/n/10.95 7.283541e- 
 []


Overfull \hbox (7.67746pt too wide) in paragraph at lines 1330--1331
[]\T1/ppl/m/n/10.95 3.913508e- 
 []


Overfull \hbox (3.48117pt too wide) in paragraph at lines 1332--1333
[]\T1/ppl/m/n/10.95 0.000201|  
 []


Overfull \hbox (14.04617pt too wide) in paragraph at lines 1335--1336
[]\T1/ppl/m/n/10.95 max_spectrum_p3|  
 []


Overfull \hbox (7.67746pt too wide) in paragraph at lines 1337--1338
[]\T1/ppl/m/n/10.95 2.665335e- 
 []


Overfull \hbox (7.67746pt too wide) in paragraph at lines 1339--1340
[]\T1/ppl/m/n/10.95 9.447264e- 
 []


Overfull \hbox (7.67746pt too wide) in paragraph at lines 1341--1342
[]\T1/ppl/m/n/10.95 2.735203e- 
 []


Overfull \hbox (7.67746pt too wide) in paragraph at lines 1343--1344
[]\T1/ppl/m/n/10.95 8.018398e- 
 []


Overfull \hbox (7.67746pt too wide) in paragraph at lines 1345--1346
[]\T1/ppl/m/n/10.95 4.810539e- 
 []


Overfull \hbox (7.67746pt too wide) in paragraph at lines 1347--1348
[]\T1/ppl/m/n/10.95 3.049029e- 
 []


Overfull \hbox (3.48117pt too wide) in paragraph at lines 1349--1350
[]\T1/ppl/m/n/10.95 0.000018|  
 []


Overfull \hbox (20.01387pt too wide) in paragraph at lines 1352--1353
[]\T1/ppl/m/n/10.95 mean_spectrum_p3|  
 []


Overfull \hbox (7.67746pt too wide) in paragraph at lines 1354--1355
[]\T1/ppl/m/n/10.95 6.992051e- 
 []


Overfull \hbox (7.67746pt too wide) in paragraph at lines 1356--1357
[]\T1/ppl/m/n/10.95 2.891932e- 
 []


Overfull \hbox (7.67746pt too wide) in paragraph at lines 1358--1359
[]\T1/ppl/m/n/10.95 9.437383e- 
 []


Overfull \hbox (7.67746pt too wide) in paragraph at lines 1360--1361
[]\T1/ppl/m/n/10.95 2.731220e- 
 []


Overfull \hbox (7.67746pt too wide) in paragraph at lines 1362--1363
[]\T1/ppl/m/n/10.95 2.276107e- 
 []


Overfull \hbox (7.67746pt too wide) in paragraph at lines 1364--1365
[]\T1/ppl/m/n/10.95 1.222971e- 
 []


Overfull \hbox (3.48117pt too wide) in paragraph at lines 1366--1367
[]\T1/ppl/m/n/10.95 0.000006|  
 []


Overfull \hbox (14.1666pt too wide) in paragraph at lines 1369--1370
[]\T1/ppl/m/n/10.95 sum_spectrum_p4|  
 []


Overfull \hbox (7.67746pt too wide) in paragraph at lines 1371--1372
[]\T1/ppl/m/n/10.95 3.275073e- 
 []


Overfull \hbox (7.67746pt too wide) in paragraph at lines 1373--1374
[]\T1/ppl/m/n/10.95 9.823578e- 
 []


Overfull \hbox (7.67746pt too wide) in paragraph at lines 1375--1376
[]\T1/ppl/m/n/10.95 1.564058e- 
 []


Overfull \hbox (7.67746pt too wide) in paragraph at lines 1377--1378
[]\T1/ppl/m/n/10.95 2.605089e- 
 []


Overfull \hbox (7.67746pt too wide) in paragraph at lines 1379--1380
[]\T1/ppl/m/n/10.95 8.406483e- 
 []


Overfull \hbox (7.67746pt too wide) in paragraph at lines 1381--1382
[]\T1/ppl/m/n/10.95 5.844194e- 
 []


Overfull \hbox (3.48117pt too wide) in paragraph at lines 1383--1384
[]\T1/ppl/m/n/10.95 0.000083|  
 []


Overfull \hbox (14.04617pt too wide) in paragraph at lines 1386--1387
[]\T1/ppl/m/n/10.95 max_spectrum_p4|  
 []


Overfull \hbox (7.67746pt too wide) in paragraph at lines 1388--1389
[]\T1/ppl/m/n/10.95 3.380832e- 
 []


Overfull \hbox (7.67746pt too wide) in paragraph at lines 1390--1391
[]\T1/ppl/m/n/10.95 1.085624e- 
 []


Overfull \hbox (7.67746pt too wide) in paragraph at lines 1392--1393
[]\T1/ppl/m/n/10.95 1.621807e- 
 []


Overfull \hbox (7.67746pt too wide) in paragraph at lines 1394--1395
[]\T1/ppl/m/n/10.95 2.040832e- 
 []


Overfull \hbox (7.67746pt too wide) in paragraph at lines 1396--1397
[]\T1/ppl/m/n/10.95 4.612339e- 
 []


Overfull \hbox (7.67746pt too wide) in paragraph at lines 1398--1399
[]\T1/ppl/m/n/10.95 3.418533e- 
 []


Overfull \hbox (3.48117pt too wide) in paragraph at lines 1400--1401
[]\T1/ppl/m/n/10.95 0.000008|  
 []


Overfull \hbox (20.01387pt too wide) in paragraph at lines 1403--1404
[]\T1/ppl/m/n/10.95 mean_spectrum_p4|  
 []


Overfull \hbox (7.67746pt too wide) in paragraph at lines 1405--1406
[]\T1/ppl/m/n/10.95 1.023460e- 
 []


Overfull \hbox (7.67746pt too wide) in paragraph at lines 1407--1408
[]\T1/ppl/m/n/10.95 3.069868e- 
 []


Overfull \hbox (7.67746pt too wide) in paragraph at lines 1409--1410
[]\T1/ppl/m/n/10.95 4.887683e- 
 []


Overfull \hbox (7.67746pt too wide) in paragraph at lines 1411--1412
[]\T1/ppl/m/n/10.95 8.140903e- 
 []


Overfull \hbox (7.67746pt too wide) in paragraph at lines 1413--1414
[]\T1/ppl/m/n/10.95 2.627026e- 
 []


Overfull \hbox (7.67746pt too wide) in paragraph at lines 1415--1416
[]\T1/ppl/m/n/10.95 1.826311e- 
 []


Overfull \hbox (3.48117pt too wide) in paragraph at lines 1417--1418
[]\T1/ppl/m/n/10.95 0.000003|  
 []

[8 <C:/Users/Victor/git/Udacity/mlen-capstone-udacity/Report/signal_fault_norma
l_psd_denoised.png>] [9]
<dist_minmax_scaled.png, id=107, 867.24pt x 1734.48pt>
File: dist_minmax_scaled.png Graphic file (type png)

<use dist_minmax_scaled.png>
Package pdftex.def Info: dist_minmax_scaled.png used on input line 1429.
(pdftex.def)             Requested size: 375.80544pt x 751.60793pt.


LaTeX Warning: Float too large for page by 124.77791pt on input line 1431.

<dist_minmax_scaled_log.png, id=108, 867.24pt x 1734.48pt>
File: dist_minmax_scaled_log.png Graphic file (type png)

<use dist_minmax_scaled_log.png>
Package pdftex.def Info: dist_minmax_scaled_log.png used on input line 1439.
(pdftex.def)             Requested size: 375.80544pt x 751.60793pt.


LaTeX Warning: Float too large for page by 124.77791pt on input line 1441.

<feature_importances.png, id=110, 867.24pt x 433.62pt>
File: feature_importances.png Graphic file (type png)

<use feature_importances.png>
Package pdftex.def Info: feature_importances.png used on input line 1462.
(pdftex.def)             Requested size: 375.80544pt x 187.90198pt.

Underfull \hbox (badness 1635) in paragraph at lines 1466--1474
\T1/ppl/m/n/10.95 els: \T1/cmtt/m/n/10.95 number_of_peaks_p1\T1/ppl/m/n/10.95 ,
 \T1/cmtt/m/n/10.95 number_of_peaks_p2\T1/ppl/m/n/10.95 , \T1/cmtt/m/n/10.95 nu
mber_of_peaks_p3\T1/ppl/m/n/10.95 , \T1/cmtt/m/n/10.95 number_of_peaks_p4\T1/pp
l/m/n/10.95 ,
 []


Underfull \hbox (badness 10000) in paragraph at lines 1466--1474
\T1/cmtt/m/n/10.95 max_height_of_peaks_p1\T1/ppl/m/n/10.95 , \T1/cmtt/m/n/10.95
 max_height_of_peaks_p2\T1/ppl/m/n/10.95 , \T1/cmtt/m/n/10.95 max_height_of_pea
ks_p4\T1/ppl/m/n/10.95 ,
 []

[10] [11 <C:/Users/Victor/git/Udacity/mlen-capstone-udacity/Report/dist_minmax_
scaled.png>] [12 <C:/Users/Victor/git/Udacity/mlen-capstone-udacity/Report/dist
_minmax_scaled_log.png>]
<model_cross_val_trial.png, id=132, 867.24pt x 433.62pt>
File: model_cross_val_trial.png Graphic file (type png)

<use model_cross_val_trial.png>
Package pdftex.def Info: model_cross_val_trial.png used on input line 1512.
(pdftex.def)             Requested size: 375.80544pt x 187.90198pt.
 [13 <C:/Users/Victor/git/Udacity/mlen-capstone-udacity/Report/feature_importan
ces.png> <C:/Users/Victor/git/Udacity/mlen-capstone-udacity/Report/model_cross_
val_trial.png>]
<cnf_matrix_testset.png, id=143, 433.62pt x 289.08pt>
File: cnf_matrix_testset.png Graphic file (type png)

<use cnf_matrix_testset.png>
Package pdftex.def Info: cnf_matrix_testset.png used on input line 1582.
(pdftex.def)             Requested size: 346.89647pt x 231.27754pt.
 [14 <C:/Users/Victor/git/Udacity/mlen-capstone-udacity/Report/cnf_matrix_tests
et.png>]
<signal_fault_normal_raw_freeform.png, id=156, 867.24pt x 578.16pt>
File: signal_fault_normal_raw_freeform.png Graphic file (type png)

<use signal_fault_normal_raw_freeform.png>
Package pdftex.def Info: signal_fault_normal_raw_freeform.png used on input lin
e 1610.
(pdftex.def)             Requested size: 375.80544pt x 250.53596pt.
 [15 <C:/Users/Victor/git/Udacity/mlen-capstone-udacity/Report/signal_fault_nor
mal_raw_freeform.png>]
Overfull \hbox (15.07425pt too wide) in paragraph at lines 1688--1690
\T1/ppl/m/n/10.95 [1] http://dspace.vsb.cz/bitstream/handle/10084/133114/VAN431
_FEI_P1807_1801V001_2018.pdf 
 []

Package atveryend Info: Empty hook `BeforeClearDocument' on input line 1713.
[16]
Package atveryend Info: Empty hook `AfterLastShipout' on input line 1713.

(C:\Users\Victor\git\Udacity\mlen-capstone-udacity\Report\report_notebook.aux)
Package atveryend Info: Executing hook `AtVeryEndDocument' on input line 1713.
Package atveryend Info: Executing hook `AtEndAfterFileList' on input line 1713.



Package rerunfilecheck Warning: File `report_notebook.out' has changed.
(rerunfilecheck)                Rerun to get outlines right
(rerunfilecheck)                or use package `bookmark'.

Package rerunfilecheck Info: Checksums for `report_notebook.out':
(rerunfilecheck)             Before: <no file>
(rerunfilecheck)             After:  DCF5637F65B4E1B52CB0695A30C5E043;1614.

LaTeX Warning: Label(s) may have changed. Rerun to get cross-references right.

Package atveryend Info: Empty hook `AtVeryVeryEnd' on input line 1713.
 ) 
Here is how much of TeX's memory you used:
 9922 strings out of 493921
 147780 string characters out of 3144874
 264923 words of memory out of 3000000
 12980 multiletter control sequences out of 15000+200000
 20442 words of font info for 49 fonts, out of 3000000 for 9000
 841 hyphenation exceptions out of 8191
 36i,6n,38p,291b,446s stack positions out of 5000i,500n,10000p,200000b,50000s
 <C:\Users\Victor\AppData\Local\MiKTeX\2.9\fonts\pk\ljfour\jknappen\ec\dpi600
\ectt1095.pk>{C:/Program Files (x86)/MiKTeX 2.9/fonts/enc/dvips/fontname/8r.enc
}<C:/Program Files (x86)/MiKTeX 2.9/fonts/type1/urw/palatino/uplb8a.pfb><C:/Pro
gram Files (x86)/MiKTeX 2.9/fonts/type1/urw/palatino/uplr8a.pfb>
Output written on report_notebook.pdf (16 pages, 703149 bytes).
PDF statistics:
 259 PDF objects out of 1000 (max. 8388607)
 92 named destinations out of 1000 (max. 500000)
 66 words of extra memory for PDF output out of 10000 (max. 10000000)

